================================================================
== Design Size Report
================================================================

* Total Instructions per Compilation Phase
+---------------+-----------------------------+--------------+----------------------------------------------------------------------------------------+
| Phase         | Step                        | Instructions | Description                                                                            |
+---------------+-----------------------------+--------------+----------------------------------------------------------------------------------------+
| Compile/Link  |                             | 251          | After all functions are compiled and linked into a single design                       |
|               |                             |              |                                                                                        |
| Unroll/Inline |                             |              | After user unroll and inline pragmas are applied                                       |
|               | (1) unroll                  | 140          | user unroll pragmas are applied                                                        |
|               | (2) simplification          | 103          | simplification of applied user unroll pragmas                                          |
|               | (3) inline                  |  93          | user inline pragmas are applied                                                        |
|               | (4) simplification          |  91          | simplification of applied user inline pragmas                                          |
|               |                             |              |                                                                                        |
| Array/Struct  |                             |              | After user array partition and struct aggregate/disaggregate pragmas are applied       |
|               | (1) array partition         |  90          | user array partition pragmas are applied                                               |
|               | (2) simplification          |  90          | simplification of applied user array partition & struct aggregate/disaggregate pragmas |
|               | (3) aggregate/disaggregate  |  90          | user struct aggregate/disaggregate pragmas are applied                                 |
|               | (4) array reshape           |  90          | apply array reshape pragmas                                                            |
|               | (5) access patterns         |  92          | array access pattern optmizations                                                      |
|               |                             |              |                                                                                        |
| Performance   |                             |              | After transformations are applied to meet performance pragma targets                   |
|               | (1) loop simplification     |  92          | loop and instruction simplification                                                    |
|               | (2) parallelization         |  90          | loops are unrolled or pipelined to meet performance targets                            |
|               | (3) array partition         |  90          | arrays are partitioned to meet performance targets                                     |
|               | (4) simplification          |  90          | simplification of design after performance transformations                             |
|               |                             |              |                                                                                        |
| HW Transforms |                             |              | After hardware transfomations                                                          |
|               | (1) lowering                |  95          | initial conversion to HW specific instructions                                         |
|               | (2) optimizations           | 113          | high level synthesis optimizations                                                     |
+---------------+-----------------------------+--------------+----------------------------------------------------------------------------------------+

* Instructions per Function for each Compilation Phase
+---------------------------+------------------------+--------------+---------------+--------------+-------------+---------------+
| Function                  | Location               | Compile/Link | Unroll/Inline | Array/Struct | Performance | HW Transforms |
+---------------------------+------------------------+--------------+---------------+--------------+-------------+---------------+
| + encryfinal              | chaotic_encrypt.cpp:93 | 251          | 91            | 92           | 90          | 113           |
|    haarDWT4               | chaotic_encrypt.cpp:39 |  90          |               |              |             |               |
|    generateChen4DSequence | chaotic_encrypt.cpp:16 |  53          |               |              |             |               |
|    multiplySignals        | chaotic_encrypt.cpp:85 |  20          |               |              |             |               |
|    chaoticPermutation     | chaotic_encrypt.cpp:58 |  61          |               |              |             |               |
+---------------------------+------------------------+--------------+---------------+--------------+-------------+---------------+

* Design Size Message Settings
+---------------------------------------------+--------+------------------------------------------------------------------+
| Message Setting                             | Value  | Description                                                      |
+---------------------------------------------+--------+------------------------------------------------------------------+
| config_compile -design_size_maximum_warning | 100000 | Show a warning when total design instructions exceeds this value |
+---------------------------------------------+--------+------------------------------------------------------------------+


