

================================================================
== Vitis HLS Report for 'encryfinal_Pipeline_VITIS_LOOP_46_3'
================================================================
* Date:           Thu Feb  6 20:26:39 2025

* Version:        2023.2 (Build 4023990 on Oct 11 2023)
* Project:        encryptionfinale
* Solution:       solution1 (Vivado IP Flow Target)
* Product family: artix7
* Target device:  xc7a100t-csg324-1


================================================================
== Performance Estimates
================================================================
+ Timing: 
    * Summary: 
    +--------+----------+----------+------------+
    |  Clock |  Target  | Estimated| Uncertainty|
    +--------+----------+----------+------------+
    |ap_clk  |  10.00 ns|  5.650 ns|     2.70 ns|
    +--------+----------+----------+------------+

+ Latency: 
    * Summary: 
    +---------+-----------+----------+-----------+-----+-----------+---------+
    |   Latency (cycles)  |  Latency (absolute)  |     Interval    | Pipeline|
    |   min   |    max    |    min   |    max    | min |    max    |   Type  |
    +---------+-----------+----------+-----------+-----+-----------+---------+
    |       72|  536870980|  0.720 us|  5.369 sec|   72|  536870980|       no|
    +---------+-----------+----------+-----------+-----+-----------+---------+

    + Detail: 
        * Instance: 
        N/A

        * Loop: 
        +-------------------+---------+-----------+----------+-----------+-----------+---------------+----------+
        |                   |   Latency (cycles)  | Iteration|  Initiation Interval  |      Trip     |          |
        |     Loop Name     |   min   |    max    |  Latency |  achieved |   target  |     Count     | Pipelined|
        +-------------------+---------+-----------+----------+-----------+-----------+---------------+----------+
        |- VITIS_LOOP_46_3  |       70|  536870978|        71|          2|          1|  1 ~ 268435455|       yes|
        +-------------------+---------+-----------+----------+-----------+-----------+---------------+----------+

============================================================
+ Verbose Summary: Synthesis Manager
============================================================
InlineROM: 1
ExposeGlobal: 0
============================================================
+ Verbose Summary: CDFG Model
============================================================
IsTopModel: 0
ResetActiveHigh: 1
IsCombinational: 0
IsDatapathOnly: 0
HasWiredReturn: 1
HasMFsm: 2
HasVarLatency: 1
IsPipeline: 0
IsRtlPipelined: 0
IsInstanceOverlapped: 0
IsDontTouch: 0
HasImplIP: 0
IsGatedGlobalClock: 0

+ Individual pipeline summary: 
  * Pipeline-0: initiation interval (II) = 2, depth = 71


============================================================
+ Verbose Summary: Schedule
============================================================
* Number of FSM states : 71
* Pipeline : 1
  Pipeline-0 : II = 2, D = 71, States = { 1 2 3 4 5 6 7 8 9 10 11 12 13 14 15 16 17 18 19 20 21 22 23 24 25 26 27 28 29 30 31 32 33 34 35 36 37 38 39 40 41 42 43 44 45 46 47 48 49 50 51 52 53 54 55 56 57 58 59 60 61 62 63 64 65 66 67 68 69 70 71 }
* Dataflow Pipeline: 0

* FSM state transitions: 
1 --> 2 
2 --> 3 
3 --> 4 
4 --> 5 
5 --> 6 
6 --> 7 
7 --> 8 
8 --> 9 
9 --> 10 
10 --> 11 
11 --> 12 
12 --> 13 
13 --> 14 
14 --> 15 
15 --> 16 
16 --> 17 
17 --> 18 
18 --> 19 
19 --> 20 
20 --> 21 
21 --> 22 
22 --> 23 
23 --> 24 
24 --> 25 
25 --> 26 
26 --> 27 
27 --> 28 
28 --> 29 
29 --> 30 
30 --> 31 
31 --> 32 
32 --> 33 
33 --> 34 
34 --> 35 
35 --> 36 
36 --> 37 
37 --> 38 
38 --> 39 
39 --> 40 
40 --> 41 
41 --> 42 
42 --> 43 
43 --> 44 
44 --> 45 
45 --> 46 
46 --> 47 
47 --> 48 
48 --> 49 
49 --> 50 
50 --> 51 
51 --> 52 
52 --> 53 
53 --> 54 
54 --> 55 
55 --> 56 
56 --> 57 
57 --> 58 
58 --> 59 
59 --> 60 
60 --> 61 
61 --> 62 
62 --> 63 
63 --> 64 
64 --> 65 
65 --> 66 
66 --> 67 
67 --> 68 
68 --> 69 
69 --> 70 
70 --> 71 
71 --> 

* FSM state operations: 

State 1 <SV = 0> <Delay = 4.86>
ST_1 : Operation 74 [1/1] (0.00ns)   --->   "%i_2 = alloca i32 1" [encryptionfinale/chaotic_encrypt.cpp:46->encryptionfinale/chaotic_encrypt.cpp:99]   --->   Operation 74 'alloca' 'i_2' <Predicate = true> <Delay = 0.00>
ST_1 : Operation 75 [1/1] (0.00ns)   --->   "%trunc_ln_read = read i4 @_ssdm_op_Read.ap_auto.i4, i4 %trunc_ln"   --->   Operation 75 'read' 'trunc_ln_read' <Predicate = true> <Delay = 0.00>
ST_1 : Operation 76 [1/1] (0.00ns)   --->   "%step_2_read = read i25 @_ssdm_op_Read.ap_auto.i25, i25 %step_2"   --->   Operation 76 'read' 'step_2_read' <Predicate = true> <Delay = 0.00>
ST_1 : Operation 77 [1/1] (1.61ns)   --->   "%store_ln46 = store i5 0, i5 %i_2" [encryptionfinale/chaotic_encrypt.cpp:46->encryptionfinale/chaotic_encrypt.cpp:99]   --->   Operation 77 'store' 'store_ln46' <Predicate = true> <Delay = 1.61>
ST_1 : Operation 78 [1/1] (0.00ns)   --->   "%br_ln0 = br void %for.inc33.i"   --->   Operation 78 'br' 'br_ln0' <Predicate = true> <Delay = 0.00>
ST_1 : Operation 79 [1/1] (0.00ns)   --->   "%i = load i5 %i_2" [encryptionfinale/chaotic_encrypt.cpp:47->encryptionfinale/chaotic_encrypt.cpp:99]   --->   Operation 79 'load' 'i' <Predicate = true> <Delay = 0.00>
ST_1 : Operation 80 [1/1] (0.00ns)   --->   "%zext_ln46_1 = zext i5 %i" [encryptionfinale/chaotic_encrypt.cpp:46->encryptionfinale/chaotic_encrypt.cpp:99]   --->   Operation 80 'zext' 'zext_ln46_1' <Predicate = true> <Delay = 0.00>
ST_1 : Operation 81 [1/1] (2.45ns)   --->   "%icmp_ln46 = icmp_eq  i25 %zext_ln46_1, i25 %step_2_read" [encryptionfinale/chaotic_encrypt.cpp:46->encryptionfinale/chaotic_encrypt.cpp:99]   --->   Operation 81 'icmp' 'icmp_ln46' <Predicate = true> <Delay = 2.45> <CoreInst = "Cmp">   --->   Core 9 'Cmp' <Latency = 0> <II = 1> <Delay = 2.45> <FuncUnit> <Opcode : 'icmp'> <InPorts = 2> <OutPorts = 1>
ST_1 : Operation 82 [1/1] (0.00ns)   --->   "%br_ln46 = br i1 %icmp_ln46, void %for.inc33.i.split, void %for.inc45.i.preheader.exitStub" [encryptionfinale/chaotic_encrypt.cpp:46->encryptionfinale/chaotic_encrypt.cpp:99]   --->   Operation 82 'br' 'br_ln46' <Predicate = true> <Delay = 0.00>
ST_1 : Operation 83 [1/1] (0.00ns)   --->   "%trunc_ln47 = trunc i5 %i" [encryptionfinale/chaotic_encrypt.cpp:47->encryptionfinale/chaotic_encrypt.cpp:99]   --->   Operation 83 'trunc' 'trunc_ln47' <Predicate = (!icmp_ln46)> <Delay = 0.00>
ST_1 : Operation 84 [1/1] (0.00ns)   --->   "%shl_ln = bitconcatenate i4 @_ssdm_op_BitConcatenate.i4.i3.i1, i3 %trunc_ln47, i1 0" [encryptionfinale/chaotic_encrypt.cpp:47->encryptionfinale/chaotic_encrypt.cpp:99]   --->   Operation 84 'bitconcatenate' 'shl_ln' <Predicate = (!icmp_ln46)> <Delay = 0.00>
ST_1 : Operation 85 [1/1] (0.00ns)   --->   "%zext_ln47 = zext i4 %shl_ln" [encryptionfinale/chaotic_encrypt.cpp:47->encryptionfinale/chaotic_encrypt.cpp:99]   --->   Operation 85 'zext' 'zext_ln47' <Predicate = (!icmp_ln46)> <Delay = 0.00>
ST_1 : Operation 86 [1/1] (0.00ns)   --->   "%transformedSignal_addr = getelementptr i64 %transformedSignal, i64 0, i64 %zext_ln47" [encryptionfinale/chaotic_encrypt.cpp:47->encryptionfinale/chaotic_encrypt.cpp:99]   --->   Operation 86 'getelementptr' 'transformedSignal_addr' <Predicate = (!icmp_ln46)> <Delay = 0.00>
ST_1 : Operation 87 [2/2] (3.25ns)   --->   "%transformedSignal_load = load i4 %transformedSignal_addr" [encryptionfinale/chaotic_encrypt.cpp:47->encryptionfinale/chaotic_encrypt.cpp:99]   --->   Operation 87 'load' 'transformedSignal_load' <Predicate = (!icmp_ln46)> <Delay = 3.25> <CoreInst = "RAM">   --->   Core 82 'RAM' <Latency = 1> <II = 1> <Delay = 3.25> <Storage> <Opcode : 'load' 'store'> <Ports = 2> <Width = 64> <Depth = 16> <RAM>
ST_1 : Operation 88 [1/1] (0.00ns)   --->   "%or_ln47 = or i4 %shl_ln, i4 1" [encryptionfinale/chaotic_encrypt.cpp:47->encryptionfinale/chaotic_encrypt.cpp:99]   --->   Operation 88 'or' 'or_ln47' <Predicate = (!icmp_ln46)> <Delay = 0.00>
ST_1 : Operation 89 [1/1] (0.00ns)   --->   "%zext_ln47_1 = zext i4 %or_ln47" [encryptionfinale/chaotic_encrypt.cpp:47->encryptionfinale/chaotic_encrypt.cpp:99]   --->   Operation 89 'zext' 'zext_ln47_1' <Predicate = (!icmp_ln46)> <Delay = 0.00>
ST_1 : Operation 90 [1/1] (0.00ns)   --->   "%transformedSignal_addr_1 = getelementptr i64 %transformedSignal, i64 0, i64 %zext_ln47_1" [encryptionfinale/chaotic_encrypt.cpp:47->encryptionfinale/chaotic_encrypt.cpp:99]   --->   Operation 90 'getelementptr' 'transformedSignal_addr_1' <Predicate = (!icmp_ln46)> <Delay = 0.00>
ST_1 : Operation 91 [2/2] (3.25ns)   --->   "%transformedSignal_load_1 = load i4 %transformedSignal_addr_1" [encryptionfinale/chaotic_encrypt.cpp:47->encryptionfinale/chaotic_encrypt.cpp:99]   --->   Operation 91 'load' 'transformedSignal_load_1' <Predicate = (!icmp_ln46)> <Delay = 3.25> <CoreInst = "RAM">   --->   Core 82 'RAM' <Latency = 1> <II = 1> <Delay = 3.25> <Storage> <Opcode : 'load' 'store'> <Ports = 2> <Width = 64> <Depth = 16> <RAM>

State 2 <SV = 1> <Delay = 3.47>
ST_2 : Operation 92 [1/1] (0.00ns)   --->   "%speclooptripcount_ln0 = speclooptripcount void @_ssdm_op_SpecLoopTripCount, i64 1, i64 268435455, i64 134217727"   --->   Operation 92 'speclooptripcount' 'speclooptripcount_ln0' <Predicate = true> <Delay = 0.00>
ST_2 : Operation 93 [1/1] (1.86ns)   --->   "%add_ln46 = add i5 %i, i5 1" [encryptionfinale/chaotic_encrypt.cpp:46->encryptionfinale/chaotic_encrypt.cpp:99]   --->   Operation 93 'add' 'add_ln46' <Predicate = true> <Delay = 1.86> <CoreInst = "Adder">   --->   Core 1 'Adder' <Latency = 0> <II = 1> <Delay = 1.86> <FuncUnit> <Opcode : 'add' 'sub'> <InPorts = 2> <OutPorts = 1>
ST_2 : Operation 94 [1/2] (3.25ns)   --->   "%transformedSignal_load = load i4 %transformedSignal_addr" [encryptionfinale/chaotic_encrypt.cpp:47->encryptionfinale/chaotic_encrypt.cpp:99]   --->   Operation 94 'load' 'transformedSignal_load' <Predicate = (!icmp_ln46)> <Delay = 3.25> <CoreInst = "RAM">   --->   Core 82 'RAM' <Latency = 1> <II = 1> <Delay = 3.25> <Storage> <Opcode : 'load' 'store'> <Ports = 2> <Width = 64> <Depth = 16> <RAM>
ST_2 : Operation 95 [1/2] (3.25ns)   --->   "%transformedSignal_load_1 = load i4 %transformedSignal_addr_1" [encryptionfinale/chaotic_encrypt.cpp:47->encryptionfinale/chaotic_encrypt.cpp:99]   --->   Operation 95 'load' 'transformedSignal_load_1' <Predicate = (!icmp_ln46)> <Delay = 3.25> <CoreInst = "RAM">   --->   Core 82 'RAM' <Latency = 1> <II = 1> <Delay = 3.25> <Storage> <Opcode : 'load' 'store'> <Ports = 2> <Width = 64> <Depth = 16> <RAM>
ST_2 : Operation 96 [1/1] (1.61ns)   --->   "%store_ln46 = store i5 %add_ln46, i5 %i_2" [encryptionfinale/chaotic_encrypt.cpp:46->encryptionfinale/chaotic_encrypt.cpp:99]   --->   Operation 96 'store' 'store_ln46' <Predicate = (!icmp_ln46)> <Delay = 1.61>

State 3 <SV = 2> <Delay = 5.65>
ST_3 : Operation 97 [8/8] (5.65ns)   --->   "%add17_i = dadd i64 %transformedSignal_load, i64 %transformedSignal_load_1" [encryptionfinale/chaotic_encrypt.cpp:47->encryptionfinale/chaotic_encrypt.cpp:99]   --->   Operation 97 'dadd' 'add17_i' <Predicate = true> <Delay = 5.65> <CoreInst = "DAddSub_fulldsp">   --->   Core 37 'DAddSub_fulldsp' <Latency = 7> <II = 1> <Delay = 5.65> <FuncUnit> <Opcode : 'dadd' 'dsub'> <InPorts = 2> <OutPorts = 1>

State 4 <SV = 3> <Delay = 5.65>
ST_4 : Operation 98 [7/8] (5.65ns)   --->   "%add17_i = dadd i64 %transformedSignal_load, i64 %transformedSignal_load_1" [encryptionfinale/chaotic_encrypt.cpp:47->encryptionfinale/chaotic_encrypt.cpp:99]   --->   Operation 98 'dadd' 'add17_i' <Predicate = true> <Delay = 5.65> <CoreInst = "DAddSub_fulldsp">   --->   Core 37 'DAddSub_fulldsp' <Latency = 7> <II = 1> <Delay = 5.65> <FuncUnit> <Opcode : 'dadd' 'dsub'> <InPorts = 2> <OutPorts = 1>
ST_4 : Operation 99 [8/8] (5.65ns)   --->   "%sub_i = dsub i64 %transformedSignal_load, i64 %transformedSignal_load_1" [encryptionfinale/chaotic_encrypt.cpp:48->encryptionfinale/chaotic_encrypt.cpp:99]   --->   Operation 99 'dsub' 'sub_i' <Predicate = true> <Delay = 5.65> <CoreInst = "DAddSub_fulldsp">   --->   Core 37 'DAddSub_fulldsp' <Latency = 7> <II = 1> <Delay = 5.65> <FuncUnit> <Opcode : 'dadd' 'dsub'> <InPorts = 2> <OutPorts = 1>

State 5 <SV = 4> <Delay = 5.65>
ST_5 : Operation 100 [6/8] (5.65ns)   --->   "%add17_i = dadd i64 %transformedSignal_load, i64 %transformedSignal_load_1" [encryptionfinale/chaotic_encrypt.cpp:47->encryptionfinale/chaotic_encrypt.cpp:99]   --->   Operation 100 'dadd' 'add17_i' <Predicate = true> <Delay = 5.65> <CoreInst = "DAddSub_fulldsp">   --->   Core 37 'DAddSub_fulldsp' <Latency = 7> <II = 1> <Delay = 5.65> <FuncUnit> <Opcode : 'dadd' 'dsub'> <InPorts = 2> <OutPorts = 1>
ST_5 : Operation 101 [7/8] (5.65ns)   --->   "%sub_i = dsub i64 %transformedSignal_load, i64 %transformedSignal_load_1" [encryptionfinale/chaotic_encrypt.cpp:48->encryptionfinale/chaotic_encrypt.cpp:99]   --->   Operation 101 'dsub' 'sub_i' <Predicate = true> <Delay = 5.65> <CoreInst = "DAddSub_fulldsp">   --->   Core 37 'DAddSub_fulldsp' <Latency = 7> <II = 1> <Delay = 5.65> <FuncUnit> <Opcode : 'dadd' 'dsub'> <InPorts = 2> <OutPorts = 1>

State 6 <SV = 5> <Delay = 5.65>
ST_6 : Operation 102 [5/8] (5.65ns)   --->   "%add17_i = dadd i64 %transformedSignal_load, i64 %transformedSignal_load_1" [encryptionfinale/chaotic_encrypt.cpp:47->encryptionfinale/chaotic_encrypt.cpp:99]   --->   Operation 102 'dadd' 'add17_i' <Predicate = true> <Delay = 5.65> <CoreInst = "DAddSub_fulldsp">   --->   Core 37 'DAddSub_fulldsp' <Latency = 7> <II = 1> <Delay = 5.65> <FuncUnit> <Opcode : 'dadd' 'dsub'> <InPorts = 2> <OutPorts = 1>
ST_6 : Operation 103 [6/8] (5.65ns)   --->   "%sub_i = dsub i64 %transformedSignal_load, i64 %transformedSignal_load_1" [encryptionfinale/chaotic_encrypt.cpp:48->encryptionfinale/chaotic_encrypt.cpp:99]   --->   Operation 103 'dsub' 'sub_i' <Predicate = true> <Delay = 5.65> <CoreInst = "DAddSub_fulldsp">   --->   Core 37 'DAddSub_fulldsp' <Latency = 7> <II = 1> <Delay = 5.65> <FuncUnit> <Opcode : 'dadd' 'dsub'> <InPorts = 2> <OutPorts = 1>

State 7 <SV = 6> <Delay = 5.65>
ST_7 : Operation 104 [4/8] (5.65ns)   --->   "%add17_i = dadd i64 %transformedSignal_load, i64 %transformedSignal_load_1" [encryptionfinale/chaotic_encrypt.cpp:47->encryptionfinale/chaotic_encrypt.cpp:99]   --->   Operation 104 'dadd' 'add17_i' <Predicate = true> <Delay = 5.65> <CoreInst = "DAddSub_fulldsp">   --->   Core 37 'DAddSub_fulldsp' <Latency = 7> <II = 1> <Delay = 5.65> <FuncUnit> <Opcode : 'dadd' 'dsub'> <InPorts = 2> <OutPorts = 1>
ST_7 : Operation 105 [5/8] (5.65ns)   --->   "%sub_i = dsub i64 %transformedSignal_load, i64 %transformedSignal_load_1" [encryptionfinale/chaotic_encrypt.cpp:48->encryptionfinale/chaotic_encrypt.cpp:99]   --->   Operation 105 'dsub' 'sub_i' <Predicate = true> <Delay = 5.65> <CoreInst = "DAddSub_fulldsp">   --->   Core 37 'DAddSub_fulldsp' <Latency = 7> <II = 1> <Delay = 5.65> <FuncUnit> <Opcode : 'dadd' 'dsub'> <InPorts = 2> <OutPorts = 1>

State 8 <SV = 7> <Delay = 5.65>
ST_8 : Operation 106 [3/8] (5.65ns)   --->   "%add17_i = dadd i64 %transformedSignal_load, i64 %transformedSignal_load_1" [encryptionfinale/chaotic_encrypt.cpp:47->encryptionfinale/chaotic_encrypt.cpp:99]   --->   Operation 106 'dadd' 'add17_i' <Predicate = true> <Delay = 5.65> <CoreInst = "DAddSub_fulldsp">   --->   Core 37 'DAddSub_fulldsp' <Latency = 7> <II = 1> <Delay = 5.65> <FuncUnit> <Opcode : 'dadd' 'dsub'> <InPorts = 2> <OutPorts = 1>
ST_8 : Operation 107 [4/8] (5.65ns)   --->   "%sub_i = dsub i64 %transformedSignal_load, i64 %transformedSignal_load_1" [encryptionfinale/chaotic_encrypt.cpp:48->encryptionfinale/chaotic_encrypt.cpp:99]   --->   Operation 107 'dsub' 'sub_i' <Predicate = true> <Delay = 5.65> <CoreInst = "DAddSub_fulldsp">   --->   Core 37 'DAddSub_fulldsp' <Latency = 7> <II = 1> <Delay = 5.65> <FuncUnit> <Opcode : 'dadd' 'dsub'> <InPorts = 2> <OutPorts = 1>

State 9 <SV = 8> <Delay = 5.65>
ST_9 : Operation 108 [2/8] (5.65ns)   --->   "%add17_i = dadd i64 %transformedSignal_load, i64 %transformedSignal_load_1" [encryptionfinale/chaotic_encrypt.cpp:47->encryptionfinale/chaotic_encrypt.cpp:99]   --->   Operation 108 'dadd' 'add17_i' <Predicate = true> <Delay = 5.65> <CoreInst = "DAddSub_fulldsp">   --->   Core 37 'DAddSub_fulldsp' <Latency = 7> <II = 1> <Delay = 5.65> <FuncUnit> <Opcode : 'dadd' 'dsub'> <InPorts = 2> <OutPorts = 1>
ST_9 : Operation 109 [3/8] (5.65ns)   --->   "%sub_i = dsub i64 %transformedSignal_load, i64 %transformedSignal_load_1" [encryptionfinale/chaotic_encrypt.cpp:48->encryptionfinale/chaotic_encrypt.cpp:99]   --->   Operation 109 'dsub' 'sub_i' <Predicate = true> <Delay = 5.65> <CoreInst = "DAddSub_fulldsp">   --->   Core 37 'DAddSub_fulldsp' <Latency = 7> <II = 1> <Delay = 5.65> <FuncUnit> <Opcode : 'dadd' 'dsub'> <InPorts = 2> <OutPorts = 1>

State 10 <SV = 9> <Delay = 5.65>
ST_10 : Operation 110 [1/8] (5.65ns)   --->   "%add17_i = dadd i64 %transformedSignal_load, i64 %transformedSignal_load_1" [encryptionfinale/chaotic_encrypt.cpp:47->encryptionfinale/chaotic_encrypt.cpp:99]   --->   Operation 110 'dadd' 'add17_i' <Predicate = true> <Delay = 5.65> <CoreInst = "DAddSub_fulldsp">   --->   Core 37 'DAddSub_fulldsp' <Latency = 7> <II = 1> <Delay = 5.65> <FuncUnit> <Opcode : 'dadd' 'dsub'> <InPorts = 2> <OutPorts = 1>
ST_10 : Operation 111 [2/8] (5.65ns)   --->   "%sub_i = dsub i64 %transformedSignal_load, i64 %transformedSignal_load_1" [encryptionfinale/chaotic_encrypt.cpp:48->encryptionfinale/chaotic_encrypt.cpp:99]   --->   Operation 111 'dsub' 'sub_i' <Predicate = true> <Delay = 5.65> <CoreInst = "DAddSub_fulldsp">   --->   Core 37 'DAddSub_fulldsp' <Latency = 7> <II = 1> <Delay = 5.65> <FuncUnit> <Opcode : 'dadd' 'dsub'> <InPorts = 2> <OutPorts = 1>

State 11 <SV = 10> <Delay = 5.65>
ST_11 : Operation 112 [59/59] (4.87ns)   --->   "%div18_i = ddiv i64 %add17_i, i64 1.41421" [encryptionfinale/chaotic_encrypt.cpp:47->encryptionfinale/chaotic_encrypt.cpp:99]   --->   Operation 112 'ddiv' 'div18_i' <Predicate = true> <Delay = 4.87> <CoreInst = "DDiv">   --->   Core 39 'DDiv' <Latency = 58> <II = 1> <Delay = 4.87> <FuncUnit> <Opcode : 'ddiv' 'drem'> <InPorts = 2> <OutPorts = 1>
ST_11 : Operation 113 [1/8] (5.65ns)   --->   "%sub_i = dsub i64 %transformedSignal_load, i64 %transformedSignal_load_1" [encryptionfinale/chaotic_encrypt.cpp:48->encryptionfinale/chaotic_encrypt.cpp:99]   --->   Operation 113 'dsub' 'sub_i' <Predicate = true> <Delay = 5.65> <CoreInst = "DAddSub_fulldsp">   --->   Core 37 'DAddSub_fulldsp' <Latency = 7> <II = 1> <Delay = 5.65> <FuncUnit> <Opcode : 'dadd' 'dsub'> <InPorts = 2> <OutPorts = 1>

State 12 <SV = 11> <Delay = 4.87>
ST_12 : Operation 114 [58/59] (4.87ns)   --->   "%div18_i = ddiv i64 %add17_i, i64 1.41421" [encryptionfinale/chaotic_encrypt.cpp:47->encryptionfinale/chaotic_encrypt.cpp:99]   --->   Operation 114 'ddiv' 'div18_i' <Predicate = true> <Delay = 4.87> <CoreInst = "DDiv">   --->   Core 39 'DDiv' <Latency = 58> <II = 1> <Delay = 4.87> <FuncUnit> <Opcode : 'ddiv' 'drem'> <InPorts = 2> <OutPorts = 1>
ST_12 : Operation 115 [59/59] (4.87ns)   --->   "%div28_i = ddiv i64 %sub_i, i64 1.41421" [encryptionfinale/chaotic_encrypt.cpp:48->encryptionfinale/chaotic_encrypt.cpp:99]   --->   Operation 115 'ddiv' 'div28_i' <Predicate = true> <Delay = 4.87> <CoreInst = "DDiv">   --->   Core 39 'DDiv' <Latency = 58> <II = 1> <Delay = 4.87> <FuncUnit> <Opcode : 'ddiv' 'drem'> <InPorts = 2> <OutPorts = 1>

State 13 <SV = 12> <Delay = 4.87>
ST_13 : Operation 116 [57/59] (4.87ns)   --->   "%div18_i = ddiv i64 %add17_i, i64 1.41421" [encryptionfinale/chaotic_encrypt.cpp:47->encryptionfinale/chaotic_encrypt.cpp:99]   --->   Operation 116 'ddiv' 'div18_i' <Predicate = true> <Delay = 4.87> <CoreInst = "DDiv">   --->   Core 39 'DDiv' <Latency = 58> <II = 1> <Delay = 4.87> <FuncUnit> <Opcode : 'ddiv' 'drem'> <InPorts = 2> <OutPorts = 1>
ST_13 : Operation 117 [58/59] (4.87ns)   --->   "%div28_i = ddiv i64 %sub_i, i64 1.41421" [encryptionfinale/chaotic_encrypt.cpp:48->encryptionfinale/chaotic_encrypt.cpp:99]   --->   Operation 117 'ddiv' 'div28_i' <Predicate = true> <Delay = 4.87> <CoreInst = "DDiv">   --->   Core 39 'DDiv' <Latency = 58> <II = 1> <Delay = 4.87> <FuncUnit> <Opcode : 'ddiv' 'drem'> <InPorts = 2> <OutPorts = 1>

State 14 <SV = 13> <Delay = 4.87>
ST_14 : Operation 118 [56/59] (4.87ns)   --->   "%div18_i = ddiv i64 %add17_i, i64 1.41421" [encryptionfinale/chaotic_encrypt.cpp:47->encryptionfinale/chaotic_encrypt.cpp:99]   --->   Operation 118 'ddiv' 'div18_i' <Predicate = true> <Delay = 4.87> <CoreInst = "DDiv">   --->   Core 39 'DDiv' <Latency = 58> <II = 1> <Delay = 4.87> <FuncUnit> <Opcode : 'ddiv' 'drem'> <InPorts = 2> <OutPorts = 1>
ST_14 : Operation 119 [57/59] (4.87ns)   --->   "%div28_i = ddiv i64 %sub_i, i64 1.41421" [encryptionfinale/chaotic_encrypt.cpp:48->encryptionfinale/chaotic_encrypt.cpp:99]   --->   Operation 119 'ddiv' 'div28_i' <Predicate = true> <Delay = 4.87> <CoreInst = "DDiv">   --->   Core 39 'DDiv' <Latency = 58> <II = 1> <Delay = 4.87> <FuncUnit> <Opcode : 'ddiv' 'drem'> <InPorts = 2> <OutPorts = 1>

State 15 <SV = 14> <Delay = 4.87>
ST_15 : Operation 120 [55/59] (4.87ns)   --->   "%div18_i = ddiv i64 %add17_i, i64 1.41421" [encryptionfinale/chaotic_encrypt.cpp:47->encryptionfinale/chaotic_encrypt.cpp:99]   --->   Operation 120 'ddiv' 'div18_i' <Predicate = true> <Delay = 4.87> <CoreInst = "DDiv">   --->   Core 39 'DDiv' <Latency = 58> <II = 1> <Delay = 4.87> <FuncUnit> <Opcode : 'ddiv' 'drem'> <InPorts = 2> <OutPorts = 1>
ST_15 : Operation 121 [56/59] (4.87ns)   --->   "%div28_i = ddiv i64 %sub_i, i64 1.41421" [encryptionfinale/chaotic_encrypt.cpp:48->encryptionfinale/chaotic_encrypt.cpp:99]   --->   Operation 121 'ddiv' 'div28_i' <Predicate = true> <Delay = 4.87> <CoreInst = "DDiv">   --->   Core 39 'DDiv' <Latency = 58> <II = 1> <Delay = 4.87> <FuncUnit> <Opcode : 'ddiv' 'drem'> <InPorts = 2> <OutPorts = 1>

State 16 <SV = 15> <Delay = 4.87>
ST_16 : Operation 122 [54/59] (4.87ns)   --->   "%div18_i = ddiv i64 %add17_i, i64 1.41421" [encryptionfinale/chaotic_encrypt.cpp:47->encryptionfinale/chaotic_encrypt.cpp:99]   --->   Operation 122 'ddiv' 'div18_i' <Predicate = true> <Delay = 4.87> <CoreInst = "DDiv">   --->   Core 39 'DDiv' <Latency = 58> <II = 1> <Delay = 4.87> <FuncUnit> <Opcode : 'ddiv' 'drem'> <InPorts = 2> <OutPorts = 1>
ST_16 : Operation 123 [55/59] (4.87ns)   --->   "%div28_i = ddiv i64 %sub_i, i64 1.41421" [encryptionfinale/chaotic_encrypt.cpp:48->encryptionfinale/chaotic_encrypt.cpp:99]   --->   Operation 123 'ddiv' 'div28_i' <Predicate = true> <Delay = 4.87> <CoreInst = "DDiv">   --->   Core 39 'DDiv' <Latency = 58> <II = 1> <Delay = 4.87> <FuncUnit> <Opcode : 'ddiv' 'drem'> <InPorts = 2> <OutPorts = 1>

State 17 <SV = 16> <Delay = 4.87>
ST_17 : Operation 124 [53/59] (4.87ns)   --->   "%div18_i = ddiv i64 %add17_i, i64 1.41421" [encryptionfinale/chaotic_encrypt.cpp:47->encryptionfinale/chaotic_encrypt.cpp:99]   --->   Operation 124 'ddiv' 'div18_i' <Predicate = true> <Delay = 4.87> <CoreInst = "DDiv">   --->   Core 39 'DDiv' <Latency = 58> <II = 1> <Delay = 4.87> <FuncUnit> <Opcode : 'ddiv' 'drem'> <InPorts = 2> <OutPorts = 1>
ST_17 : Operation 125 [54/59] (4.87ns)   --->   "%div28_i = ddiv i64 %sub_i, i64 1.41421" [encryptionfinale/chaotic_encrypt.cpp:48->encryptionfinale/chaotic_encrypt.cpp:99]   --->   Operation 125 'ddiv' 'div28_i' <Predicate = true> <Delay = 4.87> <CoreInst = "DDiv">   --->   Core 39 'DDiv' <Latency = 58> <II = 1> <Delay = 4.87> <FuncUnit> <Opcode : 'ddiv' 'drem'> <InPorts = 2> <OutPorts = 1>

State 18 <SV = 17> <Delay = 4.87>
ST_18 : Operation 126 [52/59] (4.87ns)   --->   "%div18_i = ddiv i64 %add17_i, i64 1.41421" [encryptionfinale/chaotic_encrypt.cpp:47->encryptionfinale/chaotic_encrypt.cpp:99]   --->   Operation 126 'ddiv' 'div18_i' <Predicate = true> <Delay = 4.87> <CoreInst = "DDiv">   --->   Core 39 'DDiv' <Latency = 58> <II = 1> <Delay = 4.87> <FuncUnit> <Opcode : 'ddiv' 'drem'> <InPorts = 2> <OutPorts = 1>
ST_18 : Operation 127 [53/59] (4.87ns)   --->   "%div28_i = ddiv i64 %sub_i, i64 1.41421" [encryptionfinale/chaotic_encrypt.cpp:48->encryptionfinale/chaotic_encrypt.cpp:99]   --->   Operation 127 'ddiv' 'div28_i' <Predicate = true> <Delay = 4.87> <CoreInst = "DDiv">   --->   Core 39 'DDiv' <Latency = 58> <II = 1> <Delay = 4.87> <FuncUnit> <Opcode : 'ddiv' 'drem'> <InPorts = 2> <OutPorts = 1>

State 19 <SV = 18> <Delay = 4.87>
ST_19 : Operation 128 [51/59] (4.87ns)   --->   "%div18_i = ddiv i64 %add17_i, i64 1.41421" [encryptionfinale/chaotic_encrypt.cpp:47->encryptionfinale/chaotic_encrypt.cpp:99]   --->   Operation 128 'ddiv' 'div18_i' <Predicate = true> <Delay = 4.87> <CoreInst = "DDiv">   --->   Core 39 'DDiv' <Latency = 58> <II = 1> <Delay = 4.87> <FuncUnit> <Opcode : 'ddiv' 'drem'> <InPorts = 2> <OutPorts = 1>
ST_19 : Operation 129 [52/59] (4.87ns)   --->   "%div28_i = ddiv i64 %sub_i, i64 1.41421" [encryptionfinale/chaotic_encrypt.cpp:48->encryptionfinale/chaotic_encrypt.cpp:99]   --->   Operation 129 'ddiv' 'div28_i' <Predicate = true> <Delay = 4.87> <CoreInst = "DDiv">   --->   Core 39 'DDiv' <Latency = 58> <II = 1> <Delay = 4.87> <FuncUnit> <Opcode : 'ddiv' 'drem'> <InPorts = 2> <OutPorts = 1>

State 20 <SV = 19> <Delay = 4.87>
ST_20 : Operation 130 [50/59] (4.87ns)   --->   "%div18_i = ddiv i64 %add17_i, i64 1.41421" [encryptionfinale/chaotic_encrypt.cpp:47->encryptionfinale/chaotic_encrypt.cpp:99]   --->   Operation 130 'ddiv' 'div18_i' <Predicate = true> <Delay = 4.87> <CoreInst = "DDiv">   --->   Core 39 'DDiv' <Latency = 58> <II = 1> <Delay = 4.87> <FuncUnit> <Opcode : 'ddiv' 'drem'> <InPorts = 2> <OutPorts = 1>
ST_20 : Operation 131 [51/59] (4.87ns)   --->   "%div28_i = ddiv i64 %sub_i, i64 1.41421" [encryptionfinale/chaotic_encrypt.cpp:48->encryptionfinale/chaotic_encrypt.cpp:99]   --->   Operation 131 'ddiv' 'div28_i' <Predicate = true> <Delay = 4.87> <CoreInst = "DDiv">   --->   Core 39 'DDiv' <Latency = 58> <II = 1> <Delay = 4.87> <FuncUnit> <Opcode : 'ddiv' 'drem'> <InPorts = 2> <OutPorts = 1>

State 21 <SV = 20> <Delay = 4.87>
ST_21 : Operation 132 [49/59] (4.87ns)   --->   "%div18_i = ddiv i64 %add17_i, i64 1.41421" [encryptionfinale/chaotic_encrypt.cpp:47->encryptionfinale/chaotic_encrypt.cpp:99]   --->   Operation 132 'ddiv' 'div18_i' <Predicate = true> <Delay = 4.87> <CoreInst = "DDiv">   --->   Core 39 'DDiv' <Latency = 58> <II = 1> <Delay = 4.87> <FuncUnit> <Opcode : 'ddiv' 'drem'> <InPorts = 2> <OutPorts = 1>
ST_21 : Operation 133 [50/59] (4.87ns)   --->   "%div28_i = ddiv i64 %sub_i, i64 1.41421" [encryptionfinale/chaotic_encrypt.cpp:48->encryptionfinale/chaotic_encrypt.cpp:99]   --->   Operation 133 'ddiv' 'div28_i' <Predicate = true> <Delay = 4.87> <CoreInst = "DDiv">   --->   Core 39 'DDiv' <Latency = 58> <II = 1> <Delay = 4.87> <FuncUnit> <Opcode : 'ddiv' 'drem'> <InPorts = 2> <OutPorts = 1>

State 22 <SV = 21> <Delay = 4.87>
ST_22 : Operation 134 [48/59] (4.87ns)   --->   "%div18_i = ddiv i64 %add17_i, i64 1.41421" [encryptionfinale/chaotic_encrypt.cpp:47->encryptionfinale/chaotic_encrypt.cpp:99]   --->   Operation 134 'ddiv' 'div18_i' <Predicate = true> <Delay = 4.87> <CoreInst = "DDiv">   --->   Core 39 'DDiv' <Latency = 58> <II = 1> <Delay = 4.87> <FuncUnit> <Opcode : 'ddiv' 'drem'> <InPorts = 2> <OutPorts = 1>
ST_22 : Operation 135 [49/59] (4.87ns)   --->   "%div28_i = ddiv i64 %sub_i, i64 1.41421" [encryptionfinale/chaotic_encrypt.cpp:48->encryptionfinale/chaotic_encrypt.cpp:99]   --->   Operation 135 'ddiv' 'div28_i' <Predicate = true> <Delay = 4.87> <CoreInst = "DDiv">   --->   Core 39 'DDiv' <Latency = 58> <II = 1> <Delay = 4.87> <FuncUnit> <Opcode : 'ddiv' 'drem'> <InPorts = 2> <OutPorts = 1>

State 23 <SV = 22> <Delay = 4.87>
ST_23 : Operation 136 [47/59] (4.87ns)   --->   "%div18_i = ddiv i64 %add17_i, i64 1.41421" [encryptionfinale/chaotic_encrypt.cpp:47->encryptionfinale/chaotic_encrypt.cpp:99]   --->   Operation 136 'ddiv' 'div18_i' <Predicate = true> <Delay = 4.87> <CoreInst = "DDiv">   --->   Core 39 'DDiv' <Latency = 58> <II = 1> <Delay = 4.87> <FuncUnit> <Opcode : 'ddiv' 'drem'> <InPorts = 2> <OutPorts = 1>
ST_23 : Operation 137 [48/59] (4.87ns)   --->   "%div28_i = ddiv i64 %sub_i, i64 1.41421" [encryptionfinale/chaotic_encrypt.cpp:48->encryptionfinale/chaotic_encrypt.cpp:99]   --->   Operation 137 'ddiv' 'div28_i' <Predicate = true> <Delay = 4.87> <CoreInst = "DDiv">   --->   Core 39 'DDiv' <Latency = 58> <II = 1> <Delay = 4.87> <FuncUnit> <Opcode : 'ddiv' 'drem'> <InPorts = 2> <OutPorts = 1>

State 24 <SV = 23> <Delay = 4.87>
ST_24 : Operation 138 [46/59] (4.87ns)   --->   "%div18_i = ddiv i64 %add17_i, i64 1.41421" [encryptionfinale/chaotic_encrypt.cpp:47->encryptionfinale/chaotic_encrypt.cpp:99]   --->   Operation 138 'ddiv' 'div18_i' <Predicate = true> <Delay = 4.87> <CoreInst = "DDiv">   --->   Core 39 'DDiv' <Latency = 58> <II = 1> <Delay = 4.87> <FuncUnit> <Opcode : 'ddiv' 'drem'> <InPorts = 2> <OutPorts = 1>
ST_24 : Operation 139 [47/59] (4.87ns)   --->   "%div28_i = ddiv i64 %sub_i, i64 1.41421" [encryptionfinale/chaotic_encrypt.cpp:48->encryptionfinale/chaotic_encrypt.cpp:99]   --->   Operation 139 'ddiv' 'div28_i' <Predicate = true> <Delay = 4.87> <CoreInst = "DDiv">   --->   Core 39 'DDiv' <Latency = 58> <II = 1> <Delay = 4.87> <FuncUnit> <Opcode : 'ddiv' 'drem'> <InPorts = 2> <OutPorts = 1>

State 25 <SV = 24> <Delay = 4.87>
ST_25 : Operation 140 [45/59] (4.87ns)   --->   "%div18_i = ddiv i64 %add17_i, i64 1.41421" [encryptionfinale/chaotic_encrypt.cpp:47->encryptionfinale/chaotic_encrypt.cpp:99]   --->   Operation 140 'ddiv' 'div18_i' <Predicate = true> <Delay = 4.87> <CoreInst = "DDiv">   --->   Core 39 'DDiv' <Latency = 58> <II = 1> <Delay = 4.87> <FuncUnit> <Opcode : 'ddiv' 'drem'> <InPorts = 2> <OutPorts = 1>
ST_25 : Operation 141 [46/59] (4.87ns)   --->   "%div28_i = ddiv i64 %sub_i, i64 1.41421" [encryptionfinale/chaotic_encrypt.cpp:48->encryptionfinale/chaotic_encrypt.cpp:99]   --->   Operation 141 'ddiv' 'div28_i' <Predicate = true> <Delay = 4.87> <CoreInst = "DDiv">   --->   Core 39 'DDiv' <Latency = 58> <II = 1> <Delay = 4.87> <FuncUnit> <Opcode : 'ddiv' 'drem'> <InPorts = 2> <OutPorts = 1>

State 26 <SV = 25> <Delay = 4.87>
ST_26 : Operation 142 [44/59] (4.87ns)   --->   "%div18_i = ddiv i64 %add17_i, i64 1.41421" [encryptionfinale/chaotic_encrypt.cpp:47->encryptionfinale/chaotic_encrypt.cpp:99]   --->   Operation 142 'ddiv' 'div18_i' <Predicate = true> <Delay = 4.87> <CoreInst = "DDiv">   --->   Core 39 'DDiv' <Latency = 58> <II = 1> <Delay = 4.87> <FuncUnit> <Opcode : 'ddiv' 'drem'> <InPorts = 2> <OutPorts = 1>
ST_26 : Operation 143 [45/59] (4.87ns)   --->   "%div28_i = ddiv i64 %sub_i, i64 1.41421" [encryptionfinale/chaotic_encrypt.cpp:48->encryptionfinale/chaotic_encrypt.cpp:99]   --->   Operation 143 'ddiv' 'div28_i' <Predicate = true> <Delay = 4.87> <CoreInst = "DDiv">   --->   Core 39 'DDiv' <Latency = 58> <II = 1> <Delay = 4.87> <FuncUnit> <Opcode : 'ddiv' 'drem'> <InPorts = 2> <OutPorts = 1>

State 27 <SV = 26> <Delay = 4.87>
ST_27 : Operation 144 [43/59] (4.87ns)   --->   "%div18_i = ddiv i64 %add17_i, i64 1.41421" [encryptionfinale/chaotic_encrypt.cpp:47->encryptionfinale/chaotic_encrypt.cpp:99]   --->   Operation 144 'ddiv' 'div18_i' <Predicate = true> <Delay = 4.87> <CoreInst = "DDiv">   --->   Core 39 'DDiv' <Latency = 58> <II = 1> <Delay = 4.87> <FuncUnit> <Opcode : 'ddiv' 'drem'> <InPorts = 2> <OutPorts = 1>
ST_27 : Operation 145 [44/59] (4.87ns)   --->   "%div28_i = ddiv i64 %sub_i, i64 1.41421" [encryptionfinale/chaotic_encrypt.cpp:48->encryptionfinale/chaotic_encrypt.cpp:99]   --->   Operation 145 'ddiv' 'div28_i' <Predicate = true> <Delay = 4.87> <CoreInst = "DDiv">   --->   Core 39 'DDiv' <Latency = 58> <II = 1> <Delay = 4.87> <FuncUnit> <Opcode : 'ddiv' 'drem'> <InPorts = 2> <OutPorts = 1>

State 28 <SV = 27> <Delay = 4.87>
ST_28 : Operation 146 [42/59] (4.87ns)   --->   "%div18_i = ddiv i64 %add17_i, i64 1.41421" [encryptionfinale/chaotic_encrypt.cpp:47->encryptionfinale/chaotic_encrypt.cpp:99]   --->   Operation 146 'ddiv' 'div18_i' <Predicate = true> <Delay = 4.87> <CoreInst = "DDiv">   --->   Core 39 'DDiv' <Latency = 58> <II = 1> <Delay = 4.87> <FuncUnit> <Opcode : 'ddiv' 'drem'> <InPorts = 2> <OutPorts = 1>
ST_28 : Operation 147 [43/59] (4.87ns)   --->   "%div28_i = ddiv i64 %sub_i, i64 1.41421" [encryptionfinale/chaotic_encrypt.cpp:48->encryptionfinale/chaotic_encrypt.cpp:99]   --->   Operation 147 'ddiv' 'div28_i' <Predicate = true> <Delay = 4.87> <CoreInst = "DDiv">   --->   Core 39 'DDiv' <Latency = 58> <II = 1> <Delay = 4.87> <FuncUnit> <Opcode : 'ddiv' 'drem'> <InPorts = 2> <OutPorts = 1>

State 29 <SV = 28> <Delay = 4.87>
ST_29 : Operation 148 [41/59] (4.87ns)   --->   "%div18_i = ddiv i64 %add17_i, i64 1.41421" [encryptionfinale/chaotic_encrypt.cpp:47->encryptionfinale/chaotic_encrypt.cpp:99]   --->   Operation 148 'ddiv' 'div18_i' <Predicate = true> <Delay = 4.87> <CoreInst = "DDiv">   --->   Core 39 'DDiv' <Latency = 58> <II = 1> <Delay = 4.87> <FuncUnit> <Opcode : 'ddiv' 'drem'> <InPorts = 2> <OutPorts = 1>
ST_29 : Operation 149 [42/59] (4.87ns)   --->   "%div28_i = ddiv i64 %sub_i, i64 1.41421" [encryptionfinale/chaotic_encrypt.cpp:48->encryptionfinale/chaotic_encrypt.cpp:99]   --->   Operation 149 'ddiv' 'div28_i' <Predicate = true> <Delay = 4.87> <CoreInst = "DDiv">   --->   Core 39 'DDiv' <Latency = 58> <II = 1> <Delay = 4.87> <FuncUnit> <Opcode : 'ddiv' 'drem'> <InPorts = 2> <OutPorts = 1>

State 30 <SV = 29> <Delay = 4.87>
ST_30 : Operation 150 [40/59] (4.87ns)   --->   "%div18_i = ddiv i64 %add17_i, i64 1.41421" [encryptionfinale/chaotic_encrypt.cpp:47->encryptionfinale/chaotic_encrypt.cpp:99]   --->   Operation 150 'ddiv' 'div18_i' <Predicate = true> <Delay = 4.87> <CoreInst = "DDiv">   --->   Core 39 'DDiv' <Latency = 58> <II = 1> <Delay = 4.87> <FuncUnit> <Opcode : 'ddiv' 'drem'> <InPorts = 2> <OutPorts = 1>
ST_30 : Operation 151 [41/59] (4.87ns)   --->   "%div28_i = ddiv i64 %sub_i, i64 1.41421" [encryptionfinale/chaotic_encrypt.cpp:48->encryptionfinale/chaotic_encrypt.cpp:99]   --->   Operation 151 'ddiv' 'div28_i' <Predicate = true> <Delay = 4.87> <CoreInst = "DDiv">   --->   Core 39 'DDiv' <Latency = 58> <II = 1> <Delay = 4.87> <FuncUnit> <Opcode : 'ddiv' 'drem'> <InPorts = 2> <OutPorts = 1>

State 31 <SV = 30> <Delay = 4.87>
ST_31 : Operation 152 [39/59] (4.87ns)   --->   "%div18_i = ddiv i64 %add17_i, i64 1.41421" [encryptionfinale/chaotic_encrypt.cpp:47->encryptionfinale/chaotic_encrypt.cpp:99]   --->   Operation 152 'ddiv' 'div18_i' <Predicate = true> <Delay = 4.87> <CoreInst = "DDiv">   --->   Core 39 'DDiv' <Latency = 58> <II = 1> <Delay = 4.87> <FuncUnit> <Opcode : 'ddiv' 'drem'> <InPorts = 2> <OutPorts = 1>
ST_31 : Operation 153 [40/59] (4.87ns)   --->   "%div28_i = ddiv i64 %sub_i, i64 1.41421" [encryptionfinale/chaotic_encrypt.cpp:48->encryptionfinale/chaotic_encrypt.cpp:99]   --->   Operation 153 'ddiv' 'div28_i' <Predicate = true> <Delay = 4.87> <CoreInst = "DDiv">   --->   Core 39 'DDiv' <Latency = 58> <II = 1> <Delay = 4.87> <FuncUnit> <Opcode : 'ddiv' 'drem'> <InPorts = 2> <OutPorts = 1>

State 32 <SV = 31> <Delay = 4.87>
ST_32 : Operation 154 [38/59] (4.87ns)   --->   "%div18_i = ddiv i64 %add17_i, i64 1.41421" [encryptionfinale/chaotic_encrypt.cpp:47->encryptionfinale/chaotic_encrypt.cpp:99]   --->   Operation 154 'ddiv' 'div18_i' <Predicate = true> <Delay = 4.87> <CoreInst = "DDiv">   --->   Core 39 'DDiv' <Latency = 58> <II = 1> <Delay = 4.87> <FuncUnit> <Opcode : 'ddiv' 'drem'> <InPorts = 2> <OutPorts = 1>
ST_32 : Operation 155 [39/59] (4.87ns)   --->   "%div28_i = ddiv i64 %sub_i, i64 1.41421" [encryptionfinale/chaotic_encrypt.cpp:48->encryptionfinale/chaotic_encrypt.cpp:99]   --->   Operation 155 'ddiv' 'div28_i' <Predicate = true> <Delay = 4.87> <CoreInst = "DDiv">   --->   Core 39 'DDiv' <Latency = 58> <II = 1> <Delay = 4.87> <FuncUnit> <Opcode : 'ddiv' 'drem'> <InPorts = 2> <OutPorts = 1>

State 33 <SV = 32> <Delay = 4.87>
ST_33 : Operation 156 [37/59] (4.87ns)   --->   "%div18_i = ddiv i64 %add17_i, i64 1.41421" [encryptionfinale/chaotic_encrypt.cpp:47->encryptionfinale/chaotic_encrypt.cpp:99]   --->   Operation 156 'ddiv' 'div18_i' <Predicate = true> <Delay = 4.87> <CoreInst = "DDiv">   --->   Core 39 'DDiv' <Latency = 58> <II = 1> <Delay = 4.87> <FuncUnit> <Opcode : 'ddiv' 'drem'> <InPorts = 2> <OutPorts = 1>
ST_33 : Operation 157 [38/59] (4.87ns)   --->   "%div28_i = ddiv i64 %sub_i, i64 1.41421" [encryptionfinale/chaotic_encrypt.cpp:48->encryptionfinale/chaotic_encrypt.cpp:99]   --->   Operation 157 'ddiv' 'div28_i' <Predicate = true> <Delay = 4.87> <CoreInst = "DDiv">   --->   Core 39 'DDiv' <Latency = 58> <II = 1> <Delay = 4.87> <FuncUnit> <Opcode : 'ddiv' 'drem'> <InPorts = 2> <OutPorts = 1>

State 34 <SV = 33> <Delay = 4.87>
ST_34 : Operation 158 [36/59] (4.87ns)   --->   "%div18_i = ddiv i64 %add17_i, i64 1.41421" [encryptionfinale/chaotic_encrypt.cpp:47->encryptionfinale/chaotic_encrypt.cpp:99]   --->   Operation 158 'ddiv' 'div18_i' <Predicate = true> <Delay = 4.87> <CoreInst = "DDiv">   --->   Core 39 'DDiv' <Latency = 58> <II = 1> <Delay = 4.87> <FuncUnit> <Opcode : 'ddiv' 'drem'> <InPorts = 2> <OutPorts = 1>
ST_34 : Operation 159 [37/59] (4.87ns)   --->   "%div28_i = ddiv i64 %sub_i, i64 1.41421" [encryptionfinale/chaotic_encrypt.cpp:48->encryptionfinale/chaotic_encrypt.cpp:99]   --->   Operation 159 'ddiv' 'div28_i' <Predicate = true> <Delay = 4.87> <CoreInst = "DDiv">   --->   Core 39 'DDiv' <Latency = 58> <II = 1> <Delay = 4.87> <FuncUnit> <Opcode : 'ddiv' 'drem'> <InPorts = 2> <OutPorts = 1>

State 35 <SV = 34> <Delay = 4.87>
ST_35 : Operation 160 [35/59] (4.87ns)   --->   "%div18_i = ddiv i64 %add17_i, i64 1.41421" [encryptionfinale/chaotic_encrypt.cpp:47->encryptionfinale/chaotic_encrypt.cpp:99]   --->   Operation 160 'ddiv' 'div18_i' <Predicate = true> <Delay = 4.87> <CoreInst = "DDiv">   --->   Core 39 'DDiv' <Latency = 58> <II = 1> <Delay = 4.87> <FuncUnit> <Opcode : 'ddiv' 'drem'> <InPorts = 2> <OutPorts = 1>
ST_35 : Operation 161 [36/59] (4.87ns)   --->   "%div28_i = ddiv i64 %sub_i, i64 1.41421" [encryptionfinale/chaotic_encrypt.cpp:48->encryptionfinale/chaotic_encrypt.cpp:99]   --->   Operation 161 'ddiv' 'div28_i' <Predicate = true> <Delay = 4.87> <CoreInst = "DDiv">   --->   Core 39 'DDiv' <Latency = 58> <II = 1> <Delay = 4.87> <FuncUnit> <Opcode : 'ddiv' 'drem'> <InPorts = 2> <OutPorts = 1>

State 36 <SV = 35> <Delay = 4.87>
ST_36 : Operation 162 [34/59] (4.87ns)   --->   "%div18_i = ddiv i64 %add17_i, i64 1.41421" [encryptionfinale/chaotic_encrypt.cpp:47->encryptionfinale/chaotic_encrypt.cpp:99]   --->   Operation 162 'ddiv' 'div18_i' <Predicate = true> <Delay = 4.87> <CoreInst = "DDiv">   --->   Core 39 'DDiv' <Latency = 58> <II = 1> <Delay = 4.87> <FuncUnit> <Opcode : 'ddiv' 'drem'> <InPorts = 2> <OutPorts = 1>
ST_36 : Operation 163 [35/59] (4.87ns)   --->   "%div28_i = ddiv i64 %sub_i, i64 1.41421" [encryptionfinale/chaotic_encrypt.cpp:48->encryptionfinale/chaotic_encrypt.cpp:99]   --->   Operation 163 'ddiv' 'div28_i' <Predicate = true> <Delay = 4.87> <CoreInst = "DDiv">   --->   Core 39 'DDiv' <Latency = 58> <II = 1> <Delay = 4.87> <FuncUnit> <Opcode : 'ddiv' 'drem'> <InPorts = 2> <OutPorts = 1>

State 37 <SV = 36> <Delay = 4.87>
ST_37 : Operation 164 [33/59] (4.87ns)   --->   "%div18_i = ddiv i64 %add17_i, i64 1.41421" [encryptionfinale/chaotic_encrypt.cpp:47->encryptionfinale/chaotic_encrypt.cpp:99]   --->   Operation 164 'ddiv' 'div18_i' <Predicate = true> <Delay = 4.87> <CoreInst = "DDiv">   --->   Core 39 'DDiv' <Latency = 58> <II = 1> <Delay = 4.87> <FuncUnit> <Opcode : 'ddiv' 'drem'> <InPorts = 2> <OutPorts = 1>
ST_37 : Operation 165 [34/59] (4.87ns)   --->   "%div28_i = ddiv i64 %sub_i, i64 1.41421" [encryptionfinale/chaotic_encrypt.cpp:48->encryptionfinale/chaotic_encrypt.cpp:99]   --->   Operation 165 'ddiv' 'div28_i' <Predicate = true> <Delay = 4.87> <CoreInst = "DDiv">   --->   Core 39 'DDiv' <Latency = 58> <II = 1> <Delay = 4.87> <FuncUnit> <Opcode : 'ddiv' 'drem'> <InPorts = 2> <OutPorts = 1>

State 38 <SV = 37> <Delay = 4.87>
ST_38 : Operation 166 [32/59] (4.87ns)   --->   "%div18_i = ddiv i64 %add17_i, i64 1.41421" [encryptionfinale/chaotic_encrypt.cpp:47->encryptionfinale/chaotic_encrypt.cpp:99]   --->   Operation 166 'ddiv' 'div18_i' <Predicate = true> <Delay = 4.87> <CoreInst = "DDiv">   --->   Core 39 'DDiv' <Latency = 58> <II = 1> <Delay = 4.87> <FuncUnit> <Opcode : 'ddiv' 'drem'> <InPorts = 2> <OutPorts = 1>
ST_38 : Operation 167 [33/59] (4.87ns)   --->   "%div28_i = ddiv i64 %sub_i, i64 1.41421" [encryptionfinale/chaotic_encrypt.cpp:48->encryptionfinale/chaotic_encrypt.cpp:99]   --->   Operation 167 'ddiv' 'div28_i' <Predicate = true> <Delay = 4.87> <CoreInst = "DDiv">   --->   Core 39 'DDiv' <Latency = 58> <II = 1> <Delay = 4.87> <FuncUnit> <Opcode : 'ddiv' 'drem'> <InPorts = 2> <OutPorts = 1>

State 39 <SV = 38> <Delay = 4.87>
ST_39 : Operation 168 [31/59] (4.87ns)   --->   "%div18_i = ddiv i64 %add17_i, i64 1.41421" [encryptionfinale/chaotic_encrypt.cpp:47->encryptionfinale/chaotic_encrypt.cpp:99]   --->   Operation 168 'ddiv' 'div18_i' <Predicate = true> <Delay = 4.87> <CoreInst = "DDiv">   --->   Core 39 'DDiv' <Latency = 58> <II = 1> <Delay = 4.87> <FuncUnit> <Opcode : 'ddiv' 'drem'> <InPorts = 2> <OutPorts = 1>
ST_39 : Operation 169 [32/59] (4.87ns)   --->   "%div28_i = ddiv i64 %sub_i, i64 1.41421" [encryptionfinale/chaotic_encrypt.cpp:48->encryptionfinale/chaotic_encrypt.cpp:99]   --->   Operation 169 'ddiv' 'div28_i' <Predicate = true> <Delay = 4.87> <CoreInst = "DDiv">   --->   Core 39 'DDiv' <Latency = 58> <II = 1> <Delay = 4.87> <FuncUnit> <Opcode : 'ddiv' 'drem'> <InPorts = 2> <OutPorts = 1>

State 40 <SV = 39> <Delay = 4.87>
ST_40 : Operation 170 [30/59] (4.87ns)   --->   "%div18_i = ddiv i64 %add17_i, i64 1.41421" [encryptionfinale/chaotic_encrypt.cpp:47->encryptionfinale/chaotic_encrypt.cpp:99]   --->   Operation 170 'ddiv' 'div18_i' <Predicate = true> <Delay = 4.87> <CoreInst = "DDiv">   --->   Core 39 'DDiv' <Latency = 58> <II = 1> <Delay = 4.87> <FuncUnit> <Opcode : 'ddiv' 'drem'> <InPorts = 2> <OutPorts = 1>
ST_40 : Operation 171 [31/59] (4.87ns)   --->   "%div28_i = ddiv i64 %sub_i, i64 1.41421" [encryptionfinale/chaotic_encrypt.cpp:48->encryptionfinale/chaotic_encrypt.cpp:99]   --->   Operation 171 'ddiv' 'div28_i' <Predicate = true> <Delay = 4.87> <CoreInst = "DDiv">   --->   Core 39 'DDiv' <Latency = 58> <II = 1> <Delay = 4.87> <FuncUnit> <Opcode : 'ddiv' 'drem'> <InPorts = 2> <OutPorts = 1>

State 41 <SV = 40> <Delay = 4.87>
ST_41 : Operation 172 [29/59] (4.87ns)   --->   "%div18_i = ddiv i64 %add17_i, i64 1.41421" [encryptionfinale/chaotic_encrypt.cpp:47->encryptionfinale/chaotic_encrypt.cpp:99]   --->   Operation 172 'ddiv' 'div18_i' <Predicate = true> <Delay = 4.87> <CoreInst = "DDiv">   --->   Core 39 'DDiv' <Latency = 58> <II = 1> <Delay = 4.87> <FuncUnit> <Opcode : 'ddiv' 'drem'> <InPorts = 2> <OutPorts = 1>
ST_41 : Operation 173 [30/59] (4.87ns)   --->   "%div28_i = ddiv i64 %sub_i, i64 1.41421" [encryptionfinale/chaotic_encrypt.cpp:48->encryptionfinale/chaotic_encrypt.cpp:99]   --->   Operation 173 'ddiv' 'div28_i' <Predicate = true> <Delay = 4.87> <CoreInst = "DDiv">   --->   Core 39 'DDiv' <Latency = 58> <II = 1> <Delay = 4.87> <FuncUnit> <Opcode : 'ddiv' 'drem'> <InPorts = 2> <OutPorts = 1>

State 42 <SV = 41> <Delay = 4.87>
ST_42 : Operation 174 [28/59] (4.87ns)   --->   "%div18_i = ddiv i64 %add17_i, i64 1.41421" [encryptionfinale/chaotic_encrypt.cpp:47->encryptionfinale/chaotic_encrypt.cpp:99]   --->   Operation 174 'ddiv' 'div18_i' <Predicate = true> <Delay = 4.87> <CoreInst = "DDiv">   --->   Core 39 'DDiv' <Latency = 58> <II = 1> <Delay = 4.87> <FuncUnit> <Opcode : 'ddiv' 'drem'> <InPorts = 2> <OutPorts = 1>
ST_42 : Operation 175 [29/59] (4.87ns)   --->   "%div28_i = ddiv i64 %sub_i, i64 1.41421" [encryptionfinale/chaotic_encrypt.cpp:48->encryptionfinale/chaotic_encrypt.cpp:99]   --->   Operation 175 'ddiv' 'div28_i' <Predicate = true> <Delay = 4.87> <CoreInst = "DDiv">   --->   Core 39 'DDiv' <Latency = 58> <II = 1> <Delay = 4.87> <FuncUnit> <Opcode : 'ddiv' 'drem'> <InPorts = 2> <OutPorts = 1>

State 43 <SV = 42> <Delay = 4.87>
ST_43 : Operation 176 [27/59] (4.87ns)   --->   "%div18_i = ddiv i64 %add17_i, i64 1.41421" [encryptionfinale/chaotic_encrypt.cpp:47->encryptionfinale/chaotic_encrypt.cpp:99]   --->   Operation 176 'ddiv' 'div18_i' <Predicate = true> <Delay = 4.87> <CoreInst = "DDiv">   --->   Core 39 'DDiv' <Latency = 58> <II = 1> <Delay = 4.87> <FuncUnit> <Opcode : 'ddiv' 'drem'> <InPorts = 2> <OutPorts = 1>
ST_43 : Operation 177 [28/59] (4.87ns)   --->   "%div28_i = ddiv i64 %sub_i, i64 1.41421" [encryptionfinale/chaotic_encrypt.cpp:48->encryptionfinale/chaotic_encrypt.cpp:99]   --->   Operation 177 'ddiv' 'div28_i' <Predicate = true> <Delay = 4.87> <CoreInst = "DDiv">   --->   Core 39 'DDiv' <Latency = 58> <II = 1> <Delay = 4.87> <FuncUnit> <Opcode : 'ddiv' 'drem'> <InPorts = 2> <OutPorts = 1>

State 44 <SV = 43> <Delay = 4.87>
ST_44 : Operation 178 [26/59] (4.87ns)   --->   "%div18_i = ddiv i64 %add17_i, i64 1.41421" [encryptionfinale/chaotic_encrypt.cpp:47->encryptionfinale/chaotic_encrypt.cpp:99]   --->   Operation 178 'ddiv' 'div18_i' <Predicate = true> <Delay = 4.87> <CoreInst = "DDiv">   --->   Core 39 'DDiv' <Latency = 58> <II = 1> <Delay = 4.87> <FuncUnit> <Opcode : 'ddiv' 'drem'> <InPorts = 2> <OutPorts = 1>
ST_44 : Operation 179 [27/59] (4.87ns)   --->   "%div28_i = ddiv i64 %sub_i, i64 1.41421" [encryptionfinale/chaotic_encrypt.cpp:48->encryptionfinale/chaotic_encrypt.cpp:99]   --->   Operation 179 'ddiv' 'div28_i' <Predicate = true> <Delay = 4.87> <CoreInst = "DDiv">   --->   Core 39 'DDiv' <Latency = 58> <II = 1> <Delay = 4.87> <FuncUnit> <Opcode : 'ddiv' 'drem'> <InPorts = 2> <OutPorts = 1>

State 45 <SV = 44> <Delay = 4.87>
ST_45 : Operation 180 [25/59] (4.87ns)   --->   "%div18_i = ddiv i64 %add17_i, i64 1.41421" [encryptionfinale/chaotic_encrypt.cpp:47->encryptionfinale/chaotic_encrypt.cpp:99]   --->   Operation 180 'ddiv' 'div18_i' <Predicate = true> <Delay = 4.87> <CoreInst = "DDiv">   --->   Core 39 'DDiv' <Latency = 58> <II = 1> <Delay = 4.87> <FuncUnit> <Opcode : 'ddiv' 'drem'> <InPorts = 2> <OutPorts = 1>
ST_45 : Operation 181 [26/59] (4.87ns)   --->   "%div28_i = ddiv i64 %sub_i, i64 1.41421" [encryptionfinale/chaotic_encrypt.cpp:48->encryptionfinale/chaotic_encrypt.cpp:99]   --->   Operation 181 'ddiv' 'div28_i' <Predicate = true> <Delay = 4.87> <CoreInst = "DDiv">   --->   Core 39 'DDiv' <Latency = 58> <II = 1> <Delay = 4.87> <FuncUnit> <Opcode : 'ddiv' 'drem'> <InPorts = 2> <OutPorts = 1>

State 46 <SV = 45> <Delay = 4.87>
ST_46 : Operation 182 [24/59] (4.87ns)   --->   "%div18_i = ddiv i64 %add17_i, i64 1.41421" [encryptionfinale/chaotic_encrypt.cpp:47->encryptionfinale/chaotic_encrypt.cpp:99]   --->   Operation 182 'ddiv' 'div18_i' <Predicate = true> <Delay = 4.87> <CoreInst = "DDiv">   --->   Core 39 'DDiv' <Latency = 58> <II = 1> <Delay = 4.87> <FuncUnit> <Opcode : 'ddiv' 'drem'> <InPorts = 2> <OutPorts = 1>
ST_46 : Operation 183 [25/59] (4.87ns)   --->   "%div28_i = ddiv i64 %sub_i, i64 1.41421" [encryptionfinale/chaotic_encrypt.cpp:48->encryptionfinale/chaotic_encrypt.cpp:99]   --->   Operation 183 'ddiv' 'div28_i' <Predicate = true> <Delay = 4.87> <CoreInst = "DDiv">   --->   Core 39 'DDiv' <Latency = 58> <II = 1> <Delay = 4.87> <FuncUnit> <Opcode : 'ddiv' 'drem'> <InPorts = 2> <OutPorts = 1>

State 47 <SV = 46> <Delay = 4.87>
ST_47 : Operation 184 [23/59] (4.87ns)   --->   "%div18_i = ddiv i64 %add17_i, i64 1.41421" [encryptionfinale/chaotic_encrypt.cpp:47->encryptionfinale/chaotic_encrypt.cpp:99]   --->   Operation 184 'ddiv' 'div18_i' <Predicate = true> <Delay = 4.87> <CoreInst = "DDiv">   --->   Core 39 'DDiv' <Latency = 58> <II = 1> <Delay = 4.87> <FuncUnit> <Opcode : 'ddiv' 'drem'> <InPorts = 2> <OutPorts = 1>
ST_47 : Operation 185 [24/59] (4.87ns)   --->   "%div28_i = ddiv i64 %sub_i, i64 1.41421" [encryptionfinale/chaotic_encrypt.cpp:48->encryptionfinale/chaotic_encrypt.cpp:99]   --->   Operation 185 'ddiv' 'div28_i' <Predicate = true> <Delay = 4.87> <CoreInst = "DDiv">   --->   Core 39 'DDiv' <Latency = 58> <II = 1> <Delay = 4.87> <FuncUnit> <Opcode : 'ddiv' 'drem'> <InPorts = 2> <OutPorts = 1>

State 48 <SV = 47> <Delay = 4.87>
ST_48 : Operation 186 [22/59] (4.87ns)   --->   "%div18_i = ddiv i64 %add17_i, i64 1.41421" [encryptionfinale/chaotic_encrypt.cpp:47->encryptionfinale/chaotic_encrypt.cpp:99]   --->   Operation 186 'ddiv' 'div18_i' <Predicate = true> <Delay = 4.87> <CoreInst = "DDiv">   --->   Core 39 'DDiv' <Latency = 58> <II = 1> <Delay = 4.87> <FuncUnit> <Opcode : 'ddiv' 'drem'> <InPorts = 2> <OutPorts = 1>
ST_48 : Operation 187 [23/59] (4.87ns)   --->   "%div28_i = ddiv i64 %sub_i, i64 1.41421" [encryptionfinale/chaotic_encrypt.cpp:48->encryptionfinale/chaotic_encrypt.cpp:99]   --->   Operation 187 'ddiv' 'div28_i' <Predicate = true> <Delay = 4.87> <CoreInst = "DDiv">   --->   Core 39 'DDiv' <Latency = 58> <II = 1> <Delay = 4.87> <FuncUnit> <Opcode : 'ddiv' 'drem'> <InPorts = 2> <OutPorts = 1>

State 49 <SV = 48> <Delay = 4.87>
ST_49 : Operation 188 [21/59] (4.87ns)   --->   "%div18_i = ddiv i64 %add17_i, i64 1.41421" [encryptionfinale/chaotic_encrypt.cpp:47->encryptionfinale/chaotic_encrypt.cpp:99]   --->   Operation 188 'ddiv' 'div18_i' <Predicate = true> <Delay = 4.87> <CoreInst = "DDiv">   --->   Core 39 'DDiv' <Latency = 58> <II = 1> <Delay = 4.87> <FuncUnit> <Opcode : 'ddiv' 'drem'> <InPorts = 2> <OutPorts = 1>
ST_49 : Operation 189 [22/59] (4.87ns)   --->   "%div28_i = ddiv i64 %sub_i, i64 1.41421" [encryptionfinale/chaotic_encrypt.cpp:48->encryptionfinale/chaotic_encrypt.cpp:99]   --->   Operation 189 'ddiv' 'div28_i' <Predicate = true> <Delay = 4.87> <CoreInst = "DDiv">   --->   Core 39 'DDiv' <Latency = 58> <II = 1> <Delay = 4.87> <FuncUnit> <Opcode : 'ddiv' 'drem'> <InPorts = 2> <OutPorts = 1>

State 50 <SV = 49> <Delay = 4.87>
ST_50 : Operation 190 [20/59] (4.87ns)   --->   "%div18_i = ddiv i64 %add17_i, i64 1.41421" [encryptionfinale/chaotic_encrypt.cpp:47->encryptionfinale/chaotic_encrypt.cpp:99]   --->   Operation 190 'ddiv' 'div18_i' <Predicate = true> <Delay = 4.87> <CoreInst = "DDiv">   --->   Core 39 'DDiv' <Latency = 58> <II = 1> <Delay = 4.87> <FuncUnit> <Opcode : 'ddiv' 'drem'> <InPorts = 2> <OutPorts = 1>
ST_50 : Operation 191 [21/59] (4.87ns)   --->   "%div28_i = ddiv i64 %sub_i, i64 1.41421" [encryptionfinale/chaotic_encrypt.cpp:48->encryptionfinale/chaotic_encrypt.cpp:99]   --->   Operation 191 'ddiv' 'div28_i' <Predicate = true> <Delay = 4.87> <CoreInst = "DDiv">   --->   Core 39 'DDiv' <Latency = 58> <II = 1> <Delay = 4.87> <FuncUnit> <Opcode : 'ddiv' 'drem'> <InPorts = 2> <OutPorts = 1>

State 51 <SV = 50> <Delay = 4.87>
ST_51 : Operation 192 [19/59] (4.87ns)   --->   "%div18_i = ddiv i64 %add17_i, i64 1.41421" [encryptionfinale/chaotic_encrypt.cpp:47->encryptionfinale/chaotic_encrypt.cpp:99]   --->   Operation 192 'ddiv' 'div18_i' <Predicate = true> <Delay = 4.87> <CoreInst = "DDiv">   --->   Core 39 'DDiv' <Latency = 58> <II = 1> <Delay = 4.87> <FuncUnit> <Opcode : 'ddiv' 'drem'> <InPorts = 2> <OutPorts = 1>
ST_51 : Operation 193 [20/59] (4.87ns)   --->   "%div28_i = ddiv i64 %sub_i, i64 1.41421" [encryptionfinale/chaotic_encrypt.cpp:48->encryptionfinale/chaotic_encrypt.cpp:99]   --->   Operation 193 'ddiv' 'div28_i' <Predicate = true> <Delay = 4.87> <CoreInst = "DDiv">   --->   Core 39 'DDiv' <Latency = 58> <II = 1> <Delay = 4.87> <FuncUnit> <Opcode : 'ddiv' 'drem'> <InPorts = 2> <OutPorts = 1>

State 52 <SV = 51> <Delay = 4.87>
ST_52 : Operation 194 [18/59] (4.87ns)   --->   "%div18_i = ddiv i64 %add17_i, i64 1.41421" [encryptionfinale/chaotic_encrypt.cpp:47->encryptionfinale/chaotic_encrypt.cpp:99]   --->   Operation 194 'ddiv' 'div18_i' <Predicate = true> <Delay = 4.87> <CoreInst = "DDiv">   --->   Core 39 'DDiv' <Latency = 58> <II = 1> <Delay = 4.87> <FuncUnit> <Opcode : 'ddiv' 'drem'> <InPorts = 2> <OutPorts = 1>
ST_52 : Operation 195 [19/59] (4.87ns)   --->   "%div28_i = ddiv i64 %sub_i, i64 1.41421" [encryptionfinale/chaotic_encrypt.cpp:48->encryptionfinale/chaotic_encrypt.cpp:99]   --->   Operation 195 'ddiv' 'div28_i' <Predicate = true> <Delay = 4.87> <CoreInst = "DDiv">   --->   Core 39 'DDiv' <Latency = 58> <II = 1> <Delay = 4.87> <FuncUnit> <Opcode : 'ddiv' 'drem'> <InPorts = 2> <OutPorts = 1>

State 53 <SV = 52> <Delay = 4.87>
ST_53 : Operation 196 [17/59] (4.87ns)   --->   "%div18_i = ddiv i64 %add17_i, i64 1.41421" [encryptionfinale/chaotic_encrypt.cpp:47->encryptionfinale/chaotic_encrypt.cpp:99]   --->   Operation 196 'ddiv' 'div18_i' <Predicate = true> <Delay = 4.87> <CoreInst = "DDiv">   --->   Core 39 'DDiv' <Latency = 58> <II = 1> <Delay = 4.87> <FuncUnit> <Opcode : 'ddiv' 'drem'> <InPorts = 2> <OutPorts = 1>
ST_53 : Operation 197 [18/59] (4.87ns)   --->   "%div28_i = ddiv i64 %sub_i, i64 1.41421" [encryptionfinale/chaotic_encrypt.cpp:48->encryptionfinale/chaotic_encrypt.cpp:99]   --->   Operation 197 'ddiv' 'div28_i' <Predicate = true> <Delay = 4.87> <CoreInst = "DDiv">   --->   Core 39 'DDiv' <Latency = 58> <II = 1> <Delay = 4.87> <FuncUnit> <Opcode : 'ddiv' 'drem'> <InPorts = 2> <OutPorts = 1>

State 54 <SV = 53> <Delay = 4.87>
ST_54 : Operation 198 [16/59] (4.87ns)   --->   "%div18_i = ddiv i64 %add17_i, i64 1.41421" [encryptionfinale/chaotic_encrypt.cpp:47->encryptionfinale/chaotic_encrypt.cpp:99]   --->   Operation 198 'ddiv' 'div18_i' <Predicate = true> <Delay = 4.87> <CoreInst = "DDiv">   --->   Core 39 'DDiv' <Latency = 58> <II = 1> <Delay = 4.87> <FuncUnit> <Opcode : 'ddiv' 'drem'> <InPorts = 2> <OutPorts = 1>
ST_54 : Operation 199 [17/59] (4.87ns)   --->   "%div28_i = ddiv i64 %sub_i, i64 1.41421" [encryptionfinale/chaotic_encrypt.cpp:48->encryptionfinale/chaotic_encrypt.cpp:99]   --->   Operation 199 'ddiv' 'div28_i' <Predicate = true> <Delay = 4.87> <CoreInst = "DDiv">   --->   Core 39 'DDiv' <Latency = 58> <II = 1> <Delay = 4.87> <FuncUnit> <Opcode : 'ddiv' 'drem'> <InPorts = 2> <OutPorts = 1>

State 55 <SV = 54> <Delay = 4.87>
ST_55 : Operation 200 [15/59] (4.87ns)   --->   "%div18_i = ddiv i64 %add17_i, i64 1.41421" [encryptionfinale/chaotic_encrypt.cpp:47->encryptionfinale/chaotic_encrypt.cpp:99]   --->   Operation 200 'ddiv' 'div18_i' <Predicate = true> <Delay = 4.87> <CoreInst = "DDiv">   --->   Core 39 'DDiv' <Latency = 58> <II = 1> <Delay = 4.87> <FuncUnit> <Opcode : 'ddiv' 'drem'> <InPorts = 2> <OutPorts = 1>
ST_55 : Operation 201 [16/59] (4.87ns)   --->   "%div28_i = ddiv i64 %sub_i, i64 1.41421" [encryptionfinale/chaotic_encrypt.cpp:48->encryptionfinale/chaotic_encrypt.cpp:99]   --->   Operation 201 'ddiv' 'div28_i' <Predicate = true> <Delay = 4.87> <CoreInst = "DDiv">   --->   Core 39 'DDiv' <Latency = 58> <II = 1> <Delay = 4.87> <FuncUnit> <Opcode : 'ddiv' 'drem'> <InPorts = 2> <OutPorts = 1>

State 56 <SV = 55> <Delay = 4.87>
ST_56 : Operation 202 [14/59] (4.87ns)   --->   "%div18_i = ddiv i64 %add17_i, i64 1.41421" [encryptionfinale/chaotic_encrypt.cpp:47->encryptionfinale/chaotic_encrypt.cpp:99]   --->   Operation 202 'ddiv' 'div18_i' <Predicate = true> <Delay = 4.87> <CoreInst = "DDiv">   --->   Core 39 'DDiv' <Latency = 58> <II = 1> <Delay = 4.87> <FuncUnit> <Opcode : 'ddiv' 'drem'> <InPorts = 2> <OutPorts = 1>
ST_56 : Operation 203 [15/59] (4.87ns)   --->   "%div28_i = ddiv i64 %sub_i, i64 1.41421" [encryptionfinale/chaotic_encrypt.cpp:48->encryptionfinale/chaotic_encrypt.cpp:99]   --->   Operation 203 'ddiv' 'div28_i' <Predicate = true> <Delay = 4.87> <CoreInst = "DDiv">   --->   Core 39 'DDiv' <Latency = 58> <II = 1> <Delay = 4.87> <FuncUnit> <Opcode : 'ddiv' 'drem'> <InPorts = 2> <OutPorts = 1>

State 57 <SV = 56> <Delay = 4.87>
ST_57 : Operation 204 [13/59] (4.87ns)   --->   "%div18_i = ddiv i64 %add17_i, i64 1.41421" [encryptionfinale/chaotic_encrypt.cpp:47->encryptionfinale/chaotic_encrypt.cpp:99]   --->   Operation 204 'ddiv' 'div18_i' <Predicate = true> <Delay = 4.87> <CoreInst = "DDiv">   --->   Core 39 'DDiv' <Latency = 58> <II = 1> <Delay = 4.87> <FuncUnit> <Opcode : 'ddiv' 'drem'> <InPorts = 2> <OutPorts = 1>
ST_57 : Operation 205 [14/59] (4.87ns)   --->   "%div28_i = ddiv i64 %sub_i, i64 1.41421" [encryptionfinale/chaotic_encrypt.cpp:48->encryptionfinale/chaotic_encrypt.cpp:99]   --->   Operation 205 'ddiv' 'div28_i' <Predicate = true> <Delay = 4.87> <CoreInst = "DDiv">   --->   Core 39 'DDiv' <Latency = 58> <II = 1> <Delay = 4.87> <FuncUnit> <Opcode : 'ddiv' 'drem'> <InPorts = 2> <OutPorts = 1>

State 58 <SV = 57> <Delay = 4.87>
ST_58 : Operation 206 [12/59] (4.87ns)   --->   "%div18_i = ddiv i64 %add17_i, i64 1.41421" [encryptionfinale/chaotic_encrypt.cpp:47->encryptionfinale/chaotic_encrypt.cpp:99]   --->   Operation 206 'ddiv' 'div18_i' <Predicate = true> <Delay = 4.87> <CoreInst = "DDiv">   --->   Core 39 'DDiv' <Latency = 58> <II = 1> <Delay = 4.87> <FuncUnit> <Opcode : 'ddiv' 'drem'> <InPorts = 2> <OutPorts = 1>
ST_58 : Operation 207 [13/59] (4.87ns)   --->   "%div28_i = ddiv i64 %sub_i, i64 1.41421" [encryptionfinale/chaotic_encrypt.cpp:48->encryptionfinale/chaotic_encrypt.cpp:99]   --->   Operation 207 'ddiv' 'div28_i' <Predicate = true> <Delay = 4.87> <CoreInst = "DDiv">   --->   Core 39 'DDiv' <Latency = 58> <II = 1> <Delay = 4.87> <FuncUnit> <Opcode : 'ddiv' 'drem'> <InPorts = 2> <OutPorts = 1>

State 59 <SV = 58> <Delay = 4.87>
ST_59 : Operation 208 [11/59] (4.87ns)   --->   "%div18_i = ddiv i64 %add17_i, i64 1.41421" [encryptionfinale/chaotic_encrypt.cpp:47->encryptionfinale/chaotic_encrypt.cpp:99]   --->   Operation 208 'ddiv' 'div18_i' <Predicate = true> <Delay = 4.87> <CoreInst = "DDiv">   --->   Core 39 'DDiv' <Latency = 58> <II = 1> <Delay = 4.87> <FuncUnit> <Opcode : 'ddiv' 'drem'> <InPorts = 2> <OutPorts = 1>
ST_59 : Operation 209 [12/59] (4.87ns)   --->   "%div28_i = ddiv i64 %sub_i, i64 1.41421" [encryptionfinale/chaotic_encrypt.cpp:48->encryptionfinale/chaotic_encrypt.cpp:99]   --->   Operation 209 'ddiv' 'div28_i' <Predicate = true> <Delay = 4.87> <CoreInst = "DDiv">   --->   Core 39 'DDiv' <Latency = 58> <II = 1> <Delay = 4.87> <FuncUnit> <Opcode : 'ddiv' 'drem'> <InPorts = 2> <OutPorts = 1>

State 60 <SV = 59> <Delay = 4.87>
ST_60 : Operation 210 [10/59] (4.87ns)   --->   "%div18_i = ddiv i64 %add17_i, i64 1.41421" [encryptionfinale/chaotic_encrypt.cpp:47->encryptionfinale/chaotic_encrypt.cpp:99]   --->   Operation 210 'ddiv' 'div18_i' <Predicate = true> <Delay = 4.87> <CoreInst = "DDiv">   --->   Core 39 'DDiv' <Latency = 58> <II = 1> <Delay = 4.87> <FuncUnit> <Opcode : 'ddiv' 'drem'> <InPorts = 2> <OutPorts = 1>
ST_60 : Operation 211 [11/59] (4.87ns)   --->   "%div28_i = ddiv i64 %sub_i, i64 1.41421" [encryptionfinale/chaotic_encrypt.cpp:48->encryptionfinale/chaotic_encrypt.cpp:99]   --->   Operation 211 'ddiv' 'div28_i' <Predicate = true> <Delay = 4.87> <CoreInst = "DDiv">   --->   Core 39 'DDiv' <Latency = 58> <II = 1> <Delay = 4.87> <FuncUnit> <Opcode : 'ddiv' 'drem'> <InPorts = 2> <OutPorts = 1>

State 61 <SV = 60> <Delay = 4.87>
ST_61 : Operation 212 [9/59] (4.87ns)   --->   "%div18_i = ddiv i64 %add17_i, i64 1.41421" [encryptionfinale/chaotic_encrypt.cpp:47->encryptionfinale/chaotic_encrypt.cpp:99]   --->   Operation 212 'ddiv' 'div18_i' <Predicate = true> <Delay = 4.87> <CoreInst = "DDiv">   --->   Core 39 'DDiv' <Latency = 58> <II = 1> <Delay = 4.87> <FuncUnit> <Opcode : 'ddiv' 'drem'> <InPorts = 2> <OutPorts = 1>
ST_61 : Operation 213 [10/59] (4.87ns)   --->   "%div28_i = ddiv i64 %sub_i, i64 1.41421" [encryptionfinale/chaotic_encrypt.cpp:48->encryptionfinale/chaotic_encrypt.cpp:99]   --->   Operation 213 'ddiv' 'div28_i' <Predicate = true> <Delay = 4.87> <CoreInst = "DDiv">   --->   Core 39 'DDiv' <Latency = 58> <II = 1> <Delay = 4.87> <FuncUnit> <Opcode : 'ddiv' 'drem'> <InPorts = 2> <OutPorts = 1>

State 62 <SV = 61> <Delay = 4.87>
ST_62 : Operation 214 [8/59] (4.87ns)   --->   "%div18_i = ddiv i64 %add17_i, i64 1.41421" [encryptionfinale/chaotic_encrypt.cpp:47->encryptionfinale/chaotic_encrypt.cpp:99]   --->   Operation 214 'ddiv' 'div18_i' <Predicate = true> <Delay = 4.87> <CoreInst = "DDiv">   --->   Core 39 'DDiv' <Latency = 58> <II = 1> <Delay = 4.87> <FuncUnit> <Opcode : 'ddiv' 'drem'> <InPorts = 2> <OutPorts = 1>
ST_62 : Operation 215 [9/59] (4.87ns)   --->   "%div28_i = ddiv i64 %sub_i, i64 1.41421" [encryptionfinale/chaotic_encrypt.cpp:48->encryptionfinale/chaotic_encrypt.cpp:99]   --->   Operation 215 'ddiv' 'div28_i' <Predicate = true> <Delay = 4.87> <CoreInst = "DDiv">   --->   Core 39 'DDiv' <Latency = 58> <II = 1> <Delay = 4.87> <FuncUnit> <Opcode : 'ddiv' 'drem'> <InPorts = 2> <OutPorts = 1>

State 63 <SV = 62> <Delay = 4.87>
ST_63 : Operation 216 [7/59] (4.87ns)   --->   "%div18_i = ddiv i64 %add17_i, i64 1.41421" [encryptionfinale/chaotic_encrypt.cpp:47->encryptionfinale/chaotic_encrypt.cpp:99]   --->   Operation 216 'ddiv' 'div18_i' <Predicate = true> <Delay = 4.87> <CoreInst = "DDiv">   --->   Core 39 'DDiv' <Latency = 58> <II = 1> <Delay = 4.87> <FuncUnit> <Opcode : 'ddiv' 'drem'> <InPorts = 2> <OutPorts = 1>
ST_63 : Operation 217 [8/59] (4.87ns)   --->   "%div28_i = ddiv i64 %sub_i, i64 1.41421" [encryptionfinale/chaotic_encrypt.cpp:48->encryptionfinale/chaotic_encrypt.cpp:99]   --->   Operation 217 'ddiv' 'div28_i' <Predicate = true> <Delay = 4.87> <CoreInst = "DDiv">   --->   Core 39 'DDiv' <Latency = 58> <II = 1> <Delay = 4.87> <FuncUnit> <Opcode : 'ddiv' 'drem'> <InPorts = 2> <OutPorts = 1>

State 64 <SV = 63> <Delay = 4.87>
ST_64 : Operation 218 [6/59] (4.87ns)   --->   "%div18_i = ddiv i64 %add17_i, i64 1.41421" [encryptionfinale/chaotic_encrypt.cpp:47->encryptionfinale/chaotic_encrypt.cpp:99]   --->   Operation 218 'ddiv' 'div18_i' <Predicate = true> <Delay = 4.87> <CoreInst = "DDiv">   --->   Core 39 'DDiv' <Latency = 58> <II = 1> <Delay = 4.87> <FuncUnit> <Opcode : 'ddiv' 'drem'> <InPorts = 2> <OutPorts = 1>
ST_64 : Operation 219 [7/59] (4.87ns)   --->   "%div28_i = ddiv i64 %sub_i, i64 1.41421" [encryptionfinale/chaotic_encrypt.cpp:48->encryptionfinale/chaotic_encrypt.cpp:99]   --->   Operation 219 'ddiv' 'div28_i' <Predicate = true> <Delay = 4.87> <CoreInst = "DDiv">   --->   Core 39 'DDiv' <Latency = 58> <II = 1> <Delay = 4.87> <FuncUnit> <Opcode : 'ddiv' 'drem'> <InPorts = 2> <OutPorts = 1>

State 65 <SV = 64> <Delay = 4.87>
ST_65 : Operation 220 [5/59] (4.87ns)   --->   "%div18_i = ddiv i64 %add17_i, i64 1.41421" [encryptionfinale/chaotic_encrypt.cpp:47->encryptionfinale/chaotic_encrypt.cpp:99]   --->   Operation 220 'ddiv' 'div18_i' <Predicate = true> <Delay = 4.87> <CoreInst = "DDiv">   --->   Core 39 'DDiv' <Latency = 58> <II = 1> <Delay = 4.87> <FuncUnit> <Opcode : 'ddiv' 'drem'> <InPorts = 2> <OutPorts = 1>
ST_65 : Operation 221 [6/59] (4.87ns)   --->   "%div28_i = ddiv i64 %sub_i, i64 1.41421" [encryptionfinale/chaotic_encrypt.cpp:48->encryptionfinale/chaotic_encrypt.cpp:99]   --->   Operation 221 'ddiv' 'div28_i' <Predicate = true> <Delay = 4.87> <CoreInst = "DDiv">   --->   Core 39 'DDiv' <Latency = 58> <II = 1> <Delay = 4.87> <FuncUnit> <Opcode : 'ddiv' 'drem'> <InPorts = 2> <OutPorts = 1>

State 66 <SV = 65> <Delay = 4.87>
ST_66 : Operation 222 [4/59] (4.87ns)   --->   "%div18_i = ddiv i64 %add17_i, i64 1.41421" [encryptionfinale/chaotic_encrypt.cpp:47->encryptionfinale/chaotic_encrypt.cpp:99]   --->   Operation 222 'ddiv' 'div18_i' <Predicate = true> <Delay = 4.87> <CoreInst = "DDiv">   --->   Core 39 'DDiv' <Latency = 58> <II = 1> <Delay = 4.87> <FuncUnit> <Opcode : 'ddiv' 'drem'> <InPorts = 2> <OutPorts = 1>
ST_66 : Operation 223 [5/59] (4.87ns)   --->   "%div28_i = ddiv i64 %sub_i, i64 1.41421" [encryptionfinale/chaotic_encrypt.cpp:48->encryptionfinale/chaotic_encrypt.cpp:99]   --->   Operation 223 'ddiv' 'div28_i' <Predicate = true> <Delay = 4.87> <CoreInst = "DDiv">   --->   Core 39 'DDiv' <Latency = 58> <II = 1> <Delay = 4.87> <FuncUnit> <Opcode : 'ddiv' 'drem'> <InPorts = 2> <OutPorts = 1>

State 67 <SV = 66> <Delay = 4.87>
ST_67 : Operation 224 [3/59] (4.87ns)   --->   "%div18_i = ddiv i64 %add17_i, i64 1.41421" [encryptionfinale/chaotic_encrypt.cpp:47->encryptionfinale/chaotic_encrypt.cpp:99]   --->   Operation 224 'ddiv' 'div18_i' <Predicate = true> <Delay = 4.87> <CoreInst = "DDiv">   --->   Core 39 'DDiv' <Latency = 58> <II = 1> <Delay = 4.87> <FuncUnit> <Opcode : 'ddiv' 'drem'> <InPorts = 2> <OutPorts = 1>
ST_67 : Operation 225 [4/59] (4.87ns)   --->   "%div28_i = ddiv i64 %sub_i, i64 1.41421" [encryptionfinale/chaotic_encrypt.cpp:48->encryptionfinale/chaotic_encrypt.cpp:99]   --->   Operation 225 'ddiv' 'div28_i' <Predicate = true> <Delay = 4.87> <CoreInst = "DDiv">   --->   Core 39 'DDiv' <Latency = 58> <II = 1> <Delay = 4.87> <FuncUnit> <Opcode : 'ddiv' 'drem'> <InPorts = 2> <OutPorts = 1>

State 68 <SV = 67> <Delay = 4.87>
ST_68 : Operation 226 [2/59] (4.87ns)   --->   "%div18_i = ddiv i64 %add17_i, i64 1.41421" [encryptionfinale/chaotic_encrypt.cpp:47->encryptionfinale/chaotic_encrypt.cpp:99]   --->   Operation 226 'ddiv' 'div18_i' <Predicate = true> <Delay = 4.87> <CoreInst = "DDiv">   --->   Core 39 'DDiv' <Latency = 58> <II = 1> <Delay = 4.87> <FuncUnit> <Opcode : 'ddiv' 'drem'> <InPorts = 2> <OutPorts = 1>
ST_68 : Operation 227 [3/59] (4.87ns)   --->   "%div28_i = ddiv i64 %sub_i, i64 1.41421" [encryptionfinale/chaotic_encrypt.cpp:48->encryptionfinale/chaotic_encrypt.cpp:99]   --->   Operation 227 'ddiv' 'div28_i' <Predicate = true> <Delay = 4.87> <CoreInst = "DDiv">   --->   Core 39 'DDiv' <Latency = 58> <II = 1> <Delay = 4.87> <FuncUnit> <Opcode : 'ddiv' 'drem'> <InPorts = 2> <OutPorts = 1>

State 69 <SV = 68> <Delay = 4.87>
ST_69 : Operation 228 [1/59] (4.87ns)   --->   "%div18_i = ddiv i64 %add17_i, i64 1.41421" [encryptionfinale/chaotic_encrypt.cpp:47->encryptionfinale/chaotic_encrypt.cpp:99]   --->   Operation 228 'ddiv' 'div18_i' <Predicate = true> <Delay = 4.87> <CoreInst = "DDiv">   --->   Core 39 'DDiv' <Latency = 58> <II = 1> <Delay = 4.87> <FuncUnit> <Opcode : 'ddiv' 'drem'> <InPorts = 2> <OutPorts = 1>
ST_69 : Operation 229 [2/59] (4.87ns)   --->   "%div28_i = ddiv i64 %sub_i, i64 1.41421" [encryptionfinale/chaotic_encrypt.cpp:48->encryptionfinale/chaotic_encrypt.cpp:99]   --->   Operation 229 'ddiv' 'div28_i' <Predicate = true> <Delay = 4.87> <CoreInst = "DDiv">   --->   Core 39 'DDiv' <Latency = 58> <II = 1> <Delay = 4.87> <FuncUnit> <Opcode : 'ddiv' 'drem'> <InPorts = 2> <OutPorts = 1>
ST_69 : Operation 242 [1/1] (0.00ns)   --->   "%ret_ln0 = ret"   --->   Operation 242 'ret' 'ret_ln0' <Predicate = (icmp_ln46)> <Delay = 0.00>

State 70 <SV = 69> <Delay = 4.87>
ST_70 : Operation 230 [1/1] (0.00ns)   --->   "%zext_ln46 = zext i5 %i" [encryptionfinale/chaotic_encrypt.cpp:46->encryptionfinale/chaotic_encrypt.cpp:99]   --->   Operation 230 'zext' 'zext_ln46' <Predicate = true> <Delay = 0.00>
ST_70 : Operation 231 [1/1] (0.00ns)   --->   "%trunc_ln46 = trunc i5 %i" [encryptionfinale/chaotic_encrypt.cpp:46->encryptionfinale/chaotic_encrypt.cpp:99]   --->   Operation 231 'trunc' 'trunc_ln46' <Predicate = true> <Delay = 0.00>
ST_70 : Operation 232 [1/1] (0.00ns)   --->   "%temp_addr = getelementptr i64 %temp, i64 0, i64 %zext_ln46" [encryptionfinale/chaotic_encrypt.cpp:47->encryptionfinale/chaotic_encrypt.cpp:99]   --->   Operation 232 'getelementptr' 'temp_addr' <Predicate = true> <Delay = 0.00>
ST_70 : Operation 233 [1/1] (3.25ns)   --->   "%store_ln47 = store i64 %div18_i, i4 %temp_addr" [encryptionfinale/chaotic_encrypt.cpp:47->encryptionfinale/chaotic_encrypt.cpp:99]   --->   Operation 233 'store' 'store_ln47' <Predicate = true> <Delay = 3.25> <CoreInst = "RAM">   --->   Core 82 'RAM' <Latency = 1> <II = 1> <Delay = 3.25> <Storage> <Opcode : 'load' 'store'> <Ports = 2> <Width = 64> <Depth = 16> <RAM>
ST_70 : Operation 234 [1/59] (4.87ns)   --->   "%div28_i = ddiv i64 %sub_i, i64 1.41421" [encryptionfinale/chaotic_encrypt.cpp:48->encryptionfinale/chaotic_encrypt.cpp:99]   --->   Operation 234 'ddiv' 'div28_i' <Predicate = true> <Delay = 4.87> <CoreInst = "DDiv">   --->   Core 39 'DDiv' <Latency = 58> <II = 1> <Delay = 4.87> <FuncUnit> <Opcode : 'ddiv' 'drem'> <InPorts = 2> <OutPorts = 1>
ST_70 : Operation 235 [1/1] (1.77ns)   --->   "%add_ln48 = add i4 %trunc_ln46, i4 %trunc_ln_read" [encryptionfinale/chaotic_encrypt.cpp:48->encryptionfinale/chaotic_encrypt.cpp:99]   --->   Operation 235 'add' 'add_ln48' <Predicate = true> <Delay = 1.77> <CoreInst = "Adder">   --->   Core 1 'Adder' <Latency = 0> <II = 1> <Delay = 1.77> <FuncUnit> <Opcode : 'add' 'sub'> <InPorts = 2> <OutPorts = 1>

State 71 <SV = 70> <Delay = 3.25>
ST_71 : Operation 236 [1/1] (0.00ns)   --->   "%specpipeline_ln46 = specpipeline void @_ssdm_op_SpecPipeline, i32 4294967295, i32 0, i32 0, i32 0, void @empty_0" [encryptionfinale/chaotic_encrypt.cpp:46->encryptionfinale/chaotic_encrypt.cpp:99]   --->   Operation 236 'specpipeline' 'specpipeline_ln46' <Predicate = true> <Delay = 0.00>
ST_71 : Operation 237 [1/1] (0.00ns)   --->   "%specloopname_ln46 = specloopname void @_ssdm_op_SpecLoopName, void @empty_4" [encryptionfinale/chaotic_encrypt.cpp:46->encryptionfinale/chaotic_encrypt.cpp:99]   --->   Operation 237 'specloopname' 'specloopname_ln46' <Predicate = true> <Delay = 0.00>
ST_71 : Operation 238 [1/1] (0.00ns)   --->   "%zext_ln48 = zext i4 %add_ln48" [encryptionfinale/chaotic_encrypt.cpp:48->encryptionfinale/chaotic_encrypt.cpp:99]   --->   Operation 238 'zext' 'zext_ln48' <Predicate = true> <Delay = 0.00>
ST_71 : Operation 239 [1/1] (0.00ns)   --->   "%temp_addr_1 = getelementptr i64 %temp, i64 0, i64 %zext_ln48" [encryptionfinale/chaotic_encrypt.cpp:48->encryptionfinale/chaotic_encrypt.cpp:99]   --->   Operation 239 'getelementptr' 'temp_addr_1' <Predicate = true> <Delay = 0.00>
ST_71 : Operation 240 [1/1] (3.25ns)   --->   "%store_ln48 = store i64 %div28_i, i4 %temp_addr_1" [encryptionfinale/chaotic_encrypt.cpp:48->encryptionfinale/chaotic_encrypt.cpp:99]   --->   Operation 240 'store' 'store_ln48' <Predicate = true> <Delay = 3.25> <CoreInst = "RAM">   --->   Core 82 'RAM' <Latency = 1> <II = 1> <Delay = 3.25> <Storage> <Opcode : 'load' 'store'> <Ports = 2> <Width = 64> <Depth = 16> <RAM>
ST_71 : Operation 241 [1/1] (0.00ns)   --->   "%br_ln46 = br void %for.inc33.i" [encryptionfinale/chaotic_encrypt.cpp:46->encryptionfinale/chaotic_encrypt.cpp:99]   --->   Operation 241 'br' 'br_ln46' <Predicate = true> <Delay = 0.00>


============================================================
+ Verbose Summary: Timing violations
============================================================
Target clock period: 10.000ns, clock uncertainty: 2.700ns.

 <State 1>: 4.867ns
The critical path consists of the following:
	'store' operation 0 bit ('store_ln46', encryptionfinale/chaotic_encrypt.cpp:46->encryptionfinale/chaotic_encrypt.cpp:99) of constant 0 on local variable 'i', encryptionfinale/chaotic_encrypt.cpp:46->encryptionfinale/chaotic_encrypt.cpp:99 [8]  (1.610 ns)
	'load' operation 5 bit ('i', encryptionfinale/chaotic_encrypt.cpp:47->encryptionfinale/chaotic_encrypt.cpp:99) on local variable 'i', encryptionfinale/chaotic_encrypt.cpp:46->encryptionfinale/chaotic_encrypt.cpp:99 [11]  (0.000 ns)
	'getelementptr' operation 4 bit ('transformedSignal_addr', encryptionfinale/chaotic_encrypt.cpp:47->encryptionfinale/chaotic_encrypt.cpp:99) [25]  (0.000 ns)
	'load' operation 64 bit ('transformedSignal_load', encryptionfinale/chaotic_encrypt.cpp:47->encryptionfinale/chaotic_encrypt.cpp:99) on array 'transformedSignal' [26]  (3.257 ns)

 <State 2>: 3.471ns
The critical path consists of the following:
	'add' operation 5 bit ('add_ln46', encryptionfinale/chaotic_encrypt.cpp:46->encryptionfinale/chaotic_encrypt.cpp:99) [15]  (1.861 ns)
	'store' operation 0 bit ('store_ln46', encryptionfinale/chaotic_encrypt.cpp:46->encryptionfinale/chaotic_encrypt.cpp:99) of variable 'add_ln46', encryptionfinale/chaotic_encrypt.cpp:46->encryptionfinale/chaotic_encrypt.cpp:99 on local variable 'i', encryptionfinale/chaotic_encrypt.cpp:46->encryptionfinale/chaotic_encrypt.cpp:99 [41]  (1.610 ns)

 <State 3>: 5.650ns
The critical path consists of the following:
	'dadd' operation 64 bit ('add17_i', encryptionfinale/chaotic_encrypt.cpp:47->encryptionfinale/chaotic_encrypt.cpp:99) [31]  (5.650 ns)

 <State 4>: 5.650ns
The critical path consists of the following:
	'dadd' operation 64 bit ('add17_i', encryptionfinale/chaotic_encrypt.cpp:47->encryptionfinale/chaotic_encrypt.cpp:99) [31]  (5.650 ns)

 <State 5>: 5.650ns
The critical path consists of the following:
	'dadd' operation 64 bit ('add17_i', encryptionfinale/chaotic_encrypt.cpp:47->encryptionfinale/chaotic_encrypt.cpp:99) [31]  (5.650 ns)

 <State 6>: 5.650ns
The critical path consists of the following:
	'dadd' operation 64 bit ('add17_i', encryptionfinale/chaotic_encrypt.cpp:47->encryptionfinale/chaotic_encrypt.cpp:99) [31]  (5.650 ns)

 <State 7>: 5.650ns
The critical path consists of the following:
	'dadd' operation 64 bit ('add17_i', encryptionfinale/chaotic_encrypt.cpp:47->encryptionfinale/chaotic_encrypt.cpp:99) [31]  (5.650 ns)

 <State 8>: 5.650ns
The critical path consists of the following:
	'dadd' operation 64 bit ('add17_i', encryptionfinale/chaotic_encrypt.cpp:47->encryptionfinale/chaotic_encrypt.cpp:99) [31]  (5.650 ns)

 <State 9>: 5.650ns
The critical path consists of the following:
	'dadd' operation 64 bit ('add17_i', encryptionfinale/chaotic_encrypt.cpp:47->encryptionfinale/chaotic_encrypt.cpp:99) [31]  (5.650 ns)

 <State 10>: 5.650ns
The critical path consists of the following:
	'dadd' operation 64 bit ('add17_i', encryptionfinale/chaotic_encrypt.cpp:47->encryptionfinale/chaotic_encrypt.cpp:99) [31]  (5.650 ns)

 <State 11>: 5.650ns
The critical path consists of the following:
	'dsub' operation 64 bit ('sub_i', encryptionfinale/chaotic_encrypt.cpp:48->encryptionfinale/chaotic_encrypt.cpp:99) [35]  (5.650 ns)

 <State 12>: 4.876ns
The critical path consists of the following:
	'ddiv' operation 64 bit ('div18_i', encryptionfinale/chaotic_encrypt.cpp:47->encryptionfinale/chaotic_encrypt.cpp:99) [32]  (4.876 ns)

 <State 13>: 4.876ns
The critical path consists of the following:
	'ddiv' operation 64 bit ('div18_i', encryptionfinale/chaotic_encrypt.cpp:47->encryptionfinale/chaotic_encrypt.cpp:99) [32]  (4.876 ns)

 <State 14>: 4.876ns
The critical path consists of the following:
	'ddiv' operation 64 bit ('div18_i', encryptionfinale/chaotic_encrypt.cpp:47->encryptionfinale/chaotic_encrypt.cpp:99) [32]  (4.876 ns)

 <State 15>: 4.876ns
The critical path consists of the following:
	'ddiv' operation 64 bit ('div18_i', encryptionfinale/chaotic_encrypt.cpp:47->encryptionfinale/chaotic_encrypt.cpp:99) [32]  (4.876 ns)

 <State 16>: 4.876ns
The critical path consists of the following:
	'ddiv' operation 64 bit ('div18_i', encryptionfinale/chaotic_encrypt.cpp:47->encryptionfinale/chaotic_encrypt.cpp:99) [32]  (4.876 ns)

 <State 17>: 4.876ns
The critical path consists of the following:
	'ddiv' operation 64 bit ('div18_i', encryptionfinale/chaotic_encrypt.cpp:47->encryptionfinale/chaotic_encrypt.cpp:99) [32]  (4.876 ns)

 <State 18>: 4.876ns
The critical path consists of the following:
	'ddiv' operation 64 bit ('div18_i', encryptionfinale/chaotic_encrypt.cpp:47->encryptionfinale/chaotic_encrypt.cpp:99) [32]  (4.876 ns)

 <State 19>: 4.876ns
The critical path consists of the following:
	'ddiv' operation 64 bit ('div18_i', encryptionfinale/chaotic_encrypt.cpp:47->encryptionfinale/chaotic_encrypt.cpp:99) [32]  (4.876 ns)

 <State 20>: 4.876ns
The critical path consists of the following:
	'ddiv' operation 64 bit ('div18_i', encryptionfinale/chaotic_encrypt.cpp:47->encryptionfinale/chaotic_encrypt.cpp:99) [32]  (4.876 ns)

 <State 21>: 4.876ns
The critical path consists of the following:
	'ddiv' operation 64 bit ('div18_i', encryptionfinale/chaotic_encrypt.cpp:47->encryptionfinale/chaotic_encrypt.cpp:99) [32]  (4.876 ns)

 <State 22>: 4.876ns
The critical path consists of the following:
	'ddiv' operation 64 bit ('div18_i', encryptionfinale/chaotic_encrypt.cpp:47->encryptionfinale/chaotic_encrypt.cpp:99) [32]  (4.876 ns)

 <State 23>: 4.876ns
The critical path consists of the following:
	'ddiv' operation 64 bit ('div18_i', encryptionfinale/chaotic_encrypt.cpp:47->encryptionfinale/chaotic_encrypt.cpp:99) [32]  (4.876 ns)

 <State 24>: 4.876ns
The critical path consists of the following:
	'ddiv' operation 64 bit ('div18_i', encryptionfinale/chaotic_encrypt.cpp:47->encryptionfinale/chaotic_encrypt.cpp:99) [32]  (4.876 ns)

 <State 25>: 4.876ns
The critical path consists of the following:
	'ddiv' operation 64 bit ('div18_i', encryptionfinale/chaotic_encrypt.cpp:47->encryptionfinale/chaotic_encrypt.cpp:99) [32]  (4.876 ns)

 <State 26>: 4.876ns
The critical path consists of the following:
	'ddiv' operation 64 bit ('div18_i', encryptionfinale/chaotic_encrypt.cpp:47->encryptionfinale/chaotic_encrypt.cpp:99) [32]  (4.876 ns)

 <State 27>: 4.876ns
The critical path consists of the following:
	'ddiv' operation 64 bit ('div18_i', encryptionfinale/chaotic_encrypt.cpp:47->encryptionfinale/chaotic_encrypt.cpp:99) [32]  (4.876 ns)

 <State 28>: 4.876ns
The critical path consists of the following:
	'ddiv' operation 64 bit ('div18_i', encryptionfinale/chaotic_encrypt.cpp:47->encryptionfinale/chaotic_encrypt.cpp:99) [32]  (4.876 ns)

 <State 29>: 4.876ns
The critical path consists of the following:
	'ddiv' operation 64 bit ('div18_i', encryptionfinale/chaotic_encrypt.cpp:47->encryptionfinale/chaotic_encrypt.cpp:99) [32]  (4.876 ns)

 <State 30>: 4.876ns
The critical path consists of the following:
	'ddiv' operation 64 bit ('div18_i', encryptionfinale/chaotic_encrypt.cpp:47->encryptionfinale/chaotic_encrypt.cpp:99) [32]  (4.876 ns)

 <State 31>: 4.876ns
The critical path consists of the following:
	'ddiv' operation 64 bit ('div18_i', encryptionfinale/chaotic_encrypt.cpp:47->encryptionfinale/chaotic_encrypt.cpp:99) [32]  (4.876 ns)

 <State 32>: 4.876ns
The critical path consists of the following:
	'ddiv' operation 64 bit ('div18_i', encryptionfinale/chaotic_encrypt.cpp:47->encryptionfinale/chaotic_encrypt.cpp:99) [32]  (4.876 ns)

 <State 33>: 4.876ns
The critical path consists of the following:
	'ddiv' operation 64 bit ('div18_i', encryptionfinale/chaotic_encrypt.cpp:47->encryptionfinale/chaotic_encrypt.cpp:99) [32]  (4.876 ns)

 <State 34>: 4.876ns
The critical path consists of the following:
	'ddiv' operation 64 bit ('div18_i', encryptionfinale/chaotic_encrypt.cpp:47->encryptionfinale/chaotic_encrypt.cpp:99) [32]  (4.876 ns)

 <State 35>: 4.876ns
The critical path consists of the following:
	'ddiv' operation 64 bit ('div18_i', encryptionfinale/chaotic_encrypt.cpp:47->encryptionfinale/chaotic_encrypt.cpp:99) [32]  (4.876 ns)

 <State 36>: 4.876ns
The critical path consists of the following:
	'ddiv' operation 64 bit ('div18_i', encryptionfinale/chaotic_encrypt.cpp:47->encryptionfinale/chaotic_encrypt.cpp:99) [32]  (4.876 ns)

 <State 37>: 4.876ns
The critical path consists of the following:
	'ddiv' operation 64 bit ('div18_i', encryptionfinale/chaotic_encrypt.cpp:47->encryptionfinale/chaotic_encrypt.cpp:99) [32]  (4.876 ns)

 <State 38>: 4.876ns
The critical path consists of the following:
	'ddiv' operation 64 bit ('div18_i', encryptionfinale/chaotic_encrypt.cpp:47->encryptionfinale/chaotic_encrypt.cpp:99) [32]  (4.876 ns)

 <State 39>: 4.876ns
The critical path consists of the following:
	'ddiv' operation 64 bit ('div18_i', encryptionfinale/chaotic_encrypt.cpp:47->encryptionfinale/chaotic_encrypt.cpp:99) [32]  (4.876 ns)

 <State 40>: 4.876ns
The critical path consists of the following:
	'ddiv' operation 64 bit ('div18_i', encryptionfinale/chaotic_encrypt.cpp:47->encryptionfinale/chaotic_encrypt.cpp:99) [32]  (4.876 ns)

 <State 41>: 4.876ns
The critical path consists of the following:
	'ddiv' operation 64 bit ('div18_i', encryptionfinale/chaotic_encrypt.cpp:47->encryptionfinale/chaotic_encrypt.cpp:99) [32]  (4.876 ns)

 <State 42>: 4.876ns
The critical path consists of the following:
	'ddiv' operation 64 bit ('div18_i', encryptionfinale/chaotic_encrypt.cpp:47->encryptionfinale/chaotic_encrypt.cpp:99) [32]  (4.876 ns)

 <State 43>: 4.876ns
The critical path consists of the following:
	'ddiv' operation 64 bit ('div18_i', encryptionfinale/chaotic_encrypt.cpp:47->encryptionfinale/chaotic_encrypt.cpp:99) [32]  (4.876 ns)

 <State 44>: 4.876ns
The critical path consists of the following:
	'ddiv' operation 64 bit ('div18_i', encryptionfinale/chaotic_encrypt.cpp:47->encryptionfinale/chaotic_encrypt.cpp:99) [32]  (4.876 ns)

 <State 45>: 4.876ns
The critical path consists of the following:
	'ddiv' operation 64 bit ('div18_i', encryptionfinale/chaotic_encrypt.cpp:47->encryptionfinale/chaotic_encrypt.cpp:99) [32]  (4.876 ns)

 <State 46>: 4.876ns
The critical path consists of the following:
	'ddiv' operation 64 bit ('div18_i', encryptionfinale/chaotic_encrypt.cpp:47->encryptionfinale/chaotic_encrypt.cpp:99) [32]  (4.876 ns)

 <State 47>: 4.876ns
The critical path consists of the following:
	'ddiv' operation 64 bit ('div18_i', encryptionfinale/chaotic_encrypt.cpp:47->encryptionfinale/chaotic_encrypt.cpp:99) [32]  (4.876 ns)

 <State 48>: 4.876ns
The critical path consists of the following:
	'ddiv' operation 64 bit ('div18_i', encryptionfinale/chaotic_encrypt.cpp:47->encryptionfinale/chaotic_encrypt.cpp:99) [32]  (4.876 ns)

 <State 49>: 4.876ns
The critical path consists of the following:
	'ddiv' operation 64 bit ('div18_i', encryptionfinale/chaotic_encrypt.cpp:47->encryptionfinale/chaotic_encrypt.cpp:99) [32]  (4.876 ns)

 <State 50>: 4.876ns
The critical path consists of the following:
	'ddiv' operation 64 bit ('div18_i', encryptionfinale/chaotic_encrypt.cpp:47->encryptionfinale/chaotic_encrypt.cpp:99) [32]  (4.876 ns)

 <State 51>: 4.876ns
The critical path consists of the following:
	'ddiv' operation 64 bit ('div18_i', encryptionfinale/chaotic_encrypt.cpp:47->encryptionfinale/chaotic_encrypt.cpp:99) [32]  (4.876 ns)

 <State 52>: 4.876ns
The critical path consists of the following:
	'ddiv' operation 64 bit ('div18_i', encryptionfinale/chaotic_encrypt.cpp:47->encryptionfinale/chaotic_encrypt.cpp:99) [32]  (4.876 ns)

 <State 53>: 4.876ns
The critical path consists of the following:
	'ddiv' operation 64 bit ('div18_i', encryptionfinale/chaotic_encrypt.cpp:47->encryptionfinale/chaotic_encrypt.cpp:99) [32]  (4.876 ns)

 <State 54>: 4.876ns
The critical path consists of the following:
	'ddiv' operation 64 bit ('div18_i', encryptionfinale/chaotic_encrypt.cpp:47->encryptionfinale/chaotic_encrypt.cpp:99) [32]  (4.876 ns)

 <State 55>: 4.876ns
The critical path consists of the following:
	'ddiv' operation 64 bit ('div18_i', encryptionfinale/chaotic_encrypt.cpp:47->encryptionfinale/chaotic_encrypt.cpp:99) [32]  (4.876 ns)

 <State 56>: 4.876ns
The critical path consists of the following:
	'ddiv' operation 64 bit ('div18_i', encryptionfinale/chaotic_encrypt.cpp:47->encryptionfinale/chaotic_encrypt.cpp:99) [32]  (4.876 ns)

 <State 57>: 4.876ns
The critical path consists of the following:
	'ddiv' operation 64 bit ('div18_i', encryptionfinale/chaotic_encrypt.cpp:47->encryptionfinale/chaotic_encrypt.cpp:99) [32]  (4.876 ns)

 <State 58>: 4.876ns
The critical path consists of the following:
	'ddiv' operation 64 bit ('div18_i', encryptionfinale/chaotic_encrypt.cpp:47->encryptionfinale/chaotic_encrypt.cpp:99) [32]  (4.876 ns)

 <State 59>: 4.876ns
The critical path consists of the following:
	'ddiv' operation 64 bit ('div18_i', encryptionfinale/chaotic_encrypt.cpp:47->encryptionfinale/chaotic_encrypt.cpp:99) [32]  (4.876 ns)

 <State 60>: 4.876ns
The critical path consists of the following:
	'ddiv' operation 64 bit ('div18_i', encryptionfinale/chaotic_encrypt.cpp:47->encryptionfinale/chaotic_encrypt.cpp:99) [32]  (4.876 ns)

 <State 61>: 4.876ns
The critical path consists of the following:
	'ddiv' operation 64 bit ('div18_i', encryptionfinale/chaotic_encrypt.cpp:47->encryptionfinale/chaotic_encrypt.cpp:99) [32]  (4.876 ns)

 <State 62>: 4.876ns
The critical path consists of the following:
	'ddiv' operation 64 bit ('div18_i', encryptionfinale/chaotic_encrypt.cpp:47->encryptionfinale/chaotic_encrypt.cpp:99) [32]  (4.876 ns)

 <State 63>: 4.876ns
The critical path consists of the following:
	'ddiv' operation 64 bit ('div18_i', encryptionfinale/chaotic_encrypt.cpp:47->encryptionfinale/chaotic_encrypt.cpp:99) [32]  (4.876 ns)

 <State 64>: 4.876ns
The critical path consists of the following:
	'ddiv' operation 64 bit ('div18_i', encryptionfinale/chaotic_encrypt.cpp:47->encryptionfinale/chaotic_encrypt.cpp:99) [32]  (4.876 ns)

 <State 65>: 4.876ns
The critical path consists of the following:
	'ddiv' operation 64 bit ('div18_i', encryptionfinale/chaotic_encrypt.cpp:47->encryptionfinale/chaotic_encrypt.cpp:99) [32]  (4.876 ns)

 <State 66>: 4.876ns
The critical path consists of the following:
	'ddiv' operation 64 bit ('div18_i', encryptionfinale/chaotic_encrypt.cpp:47->encryptionfinale/chaotic_encrypt.cpp:99) [32]  (4.876 ns)

 <State 67>: 4.876ns
The critical path consists of the following:
	'ddiv' operation 64 bit ('div18_i', encryptionfinale/chaotic_encrypt.cpp:47->encryptionfinale/chaotic_encrypt.cpp:99) [32]  (4.876 ns)

 <State 68>: 4.876ns
The critical path consists of the following:
	'ddiv' operation 64 bit ('div18_i', encryptionfinale/chaotic_encrypt.cpp:47->encryptionfinale/chaotic_encrypt.cpp:99) [32]  (4.876 ns)

 <State 69>: 4.876ns
The critical path consists of the following:
	'ddiv' operation 64 bit ('div18_i', encryptionfinale/chaotic_encrypt.cpp:47->encryptionfinale/chaotic_encrypt.cpp:99) [32]  (4.876 ns)

 <State 70>: 4.876ns
The critical path consists of the following:
	'ddiv' operation 64 bit ('div28_i', encryptionfinale/chaotic_encrypt.cpp:48->encryptionfinale/chaotic_encrypt.cpp:99) [36]  (4.876 ns)

 <State 71>: 3.257ns
The critical path consists of the following:
	'getelementptr' operation 4 bit ('temp_addr_1', encryptionfinale/chaotic_encrypt.cpp:48->encryptionfinale/chaotic_encrypt.cpp:99) [39]  (0.000 ns)
	'store' operation 0 bit ('store_ln48', encryptionfinale/chaotic_encrypt.cpp:48->encryptionfinale/chaotic_encrypt.cpp:99) of variable 'div28_i', encryptionfinale/chaotic_encrypt.cpp:48->encryptionfinale/chaotic_encrypt.cpp:99 on array 'temp' [40]  (3.257 ns)


============================================================
+ Verbose Summary: Binding
============================================================
N/A
* FSMD analyzer results:
  - Output states:
 - Input state : 
  - Chain level:
	State 1
	State 2
	State 3
	State 4
	State 5
	State 6
	State 7
	State 8
	State 9
	State 10
	State 11
	State 12
	State 13
	State 14
	State 15
	State 16
	State 17
	State 18
	State 19
	State 20
	State 21
	State 22
	State 23
	State 24
	State 25
	State 26
	State 27
	State 28
	State 29
	State 30
	State 31
	State 32
	State 33
	State 34
	State 35
	State 36
	State 37
	State 38
	State 39
	State 40
	State 41
	State 42
	State 43
	State 44
	State 45
	State 46
	State 47
	State 48
	State 49
	State 50
	State 51
	State 52
	State 53
	State 54
	State 55
	State 56
	State 57
	State 58
	State 59
	State 60
	State 61
	State 62
	State 63
	State 64
	State 65
	State 66
	State 67
	State 68
	State 69
	State 70
	State 71


============================================================
+ Verbose Summary: Datapath Resource usage 
============================================================
N/A
