C:\Windows\vitiS\framing\solution1\.autopilot\db\framing.pp.0.cpp:1325:7: warning: Added loop label VITIS_LOOP_1207_1:   [xilinx-label-all-loops]
      for (i = 0; i < __N - 1; ++i) {
      ^~~
      VITIS_LOOP_1207_1: 
C:\Windows\vitiS\framing\solution1\.autopilot\db\framing.pp.0.cpp:1325:7: note: FIX-IT applied suggested code changes
C:\Windows\vitiS\framing\solution1\.autopilot\db\framing.pp.0.cpp:2299:5: warning: Added loop label VITIS_LOOP_676_1:   [xilinx-label-all-loops]
    for (unsigned i = low; i != high; ++i) {
    ^~~
    VITIS_LOOP_676_1: 
C:\Windows\vitiS\framing\solution1\.autopilot\db\framing.pp.0.cpp:2299:5: note: FIX-IT applied suggested code changes
C:\Windows\vitiS\framing\solution1\.autopilot\db\framing.pp.0.cpp:2313:5: warning: Added loop label VITIS_LOOP_690_1:   [xilinx-label-all-loops]
    for (unsigned i = low; i != high; ++i) {
    ^~~
    VITIS_LOOP_690_1: 
C:\Windows\vitiS\framing\solution1\.autopilot\db\framing.pp.0.cpp:2313:5: note: FIX-IT applied suggested code changes
C:\Windows\vitiS\framing\solution1\.autopilot\db\framing.pp.0.cpp:2327:5: warning: Added loop label VITIS_LOOP_704_1:   [xilinx-label-all-loops]
    for (unsigned i = low; i != high; ++i) {
    ^~~
    VITIS_LOOP_704_1: 
C:\Windows\vitiS\framing\solution1\.autopilot\db\framing.pp.0.cpp:2327:5: note: FIX-IT applied suggested code changes
C:\Windows\vitiS\framing\solution1\.autopilot\db\framing.pp.0.cpp:3944:7: warning: Added loop label VITIS_LOOP_1247_1:   [xilinx-label-all-loops]
      for (i = 0; i < __N - 1; ++i) {
      ^~~
      VITIS_LOOP_1247_1: 
C:\Windows\vitiS\framing\solution1\.autopilot\db\framing.pp.0.cpp:3944:7: note: FIX-IT applied suggested code changes
C:\Windows\vitiS\framing\solution1\.autopilot\db\framing.pp.0.cpp:5870:5: warning: Added loop label VITIS_LOOP_21_1:   [xilinx-label-all-loops]
    while (!input_signal.empty()) {
    ^~~~~
    VITIS_LOOP_21_1: 
C:\Windows\vitiS\framing\solution1\.autopilot\db\framing.pp.0.cpp:5870:5: note: FIX-IT applied suggested code changes
C:\Windows\vitiS\framing\solution1\.autopilot\db\framing.pp.0.cpp:5871:9: warning: Added loop label VITIS_LOOP_22_2:   [xilinx-label-all-loops]
        for (int i = 0; i < 128; i++) {
        ^~~
        VITIS_LOOP_22_2: 
C:\Windows\vitiS\framing\solution1\.autopilot\db\framing.pp.0.cpp:5871:9: note: FIX-IT applied suggested code changes
C:\Windows\vitiS\framing\solution1\.autopilot\db\framing.pp.0.cpp:5874:9: warning: Added loop label VITIS_LOOP_25_3:   [xilinx-label-all-loops]
        for (int i = 0; i < 128; i++) {
        ^~~
        VITIS_LOOP_25_3: 
C:\Windows\vitiS\framing\solution1\.autopilot\db\framing.pp.0.cpp:5874:9: note: FIX-IT applied suggested code changes
