================================================================
== Design Size Report
================================================================

* Total Instructions per Compilation Phase
+---------------+-----------------------------+--------------+----------------------------------------------------------------------------------------+
| Phase         | Step                        | Instructions | Description                                                                            |
+---------------+-----------------------------+--------------+----------------------------------------------------------------------------------------+
| Compile/Link  |                             | 256          | After all functions are compiled and linked into a single design                       |
|               |                             |              |                                                                                        |
| Unroll/Inline |                             |              | After user unroll and inline pragmas are applied                                       |
|               | (1) unroll                  | 145          | user unroll pragmas are applied                                                        |
|               | (2) simplification          | 108          | simplification of applied user unroll pragmas                                          |
|               | (3) inline                  |  98          | user inline pragmas are applied                                                        |
|               | (4) simplification          |  96          | simplification of applied user inline pragmas                                          |
|               |                             |              |                                                                                        |
| Array/Struct  |                             |              | After user array partition and struct aggregate/disaggregate pragmas are applied       |
|               | (1) array partition         |  97          | user array partition pragmas are applied                                               |
|               | (2) simplification          |  97          | simplification of applied user array partition & struct aggregate/disaggregate pragmas |
|               | (3) aggregate/disaggregate  |  97          | user struct aggregate/disaggregate pragmas are applied                                 |
|               | (4) array reshape           |  97          | apply array reshape pragmas                                                            |
|               | (5) access patterns         |  99          | array access pattern optmizations                                                      |
|               |                             |              |                                                                                        |
| Performance   |                             |              | After transformations are applied to meet performance pragma targets                   |
|               | (1) loop simplification     |  99          | loop and instruction simplification                                                    |
|               | (2) parallelization         |  97          | loops are unrolled or pipelined to meet performance targets                            |
|               | (3) array partition         |  97          | arrays are partitioned to meet performance targets                                     |
|               | (4) simplification          |  97          | simplification of design after performance transformations                             |
|               |                             |              |                                                                                        |
| HW Transforms |                             |              | After hardware transfomations                                                          |
|               | (1) lowering                |  98          | initial conversion to HW specific instructions                                         |
|               | (2) optimizations           | 116          | high level synthesis optimizations                                                     |
+---------------+-----------------------------+--------------+----------------------------------------------------------------------------------------+

* Instructions per Function for each Compilation Phase
+---------------------------+-------------------+--------------+---------------+--------------+-------------+---------------+
| Function                  | Location          | Compile/Link | Unroll/Inline | Array/Struct | Performance | HW Transforms |
+---------------------------+-------------------+--------------+---------------+--------------+-------------+---------------+
| + encryfinal              | encryfinal.cpp:93 | 256          | 96            | 99           | 97          | 116           |
|    haarDWT4               | encryfinal.cpp:39 |  90          |               |              |             |               |
|    generateChen4DSequence | encryfinal.cpp:16 |  53          |               |              |             |               |
|    multiplySignals        | encryfinal.cpp:85 |  20          |               |              |             |               |
|    chaoticPermutation     | encryfinal.cpp:58 |  61          |               |              |             |               |
+---------------------------+-------------------+--------------+---------------+--------------+-------------+---------------+

* Design Size Message Settings
+---------------------------------------------+--------+------------------------------------------------------------------+
| Message Setting                             | Value  | Description                                                      |
+---------------------------------------------+--------+------------------------------------------------------------------+
| config_compile -design_size_maximum_warning | 100000 | Show a warning when total design instructions exceeds this value |
+---------------------------------------------+--------+------------------------------------------------------------------+


